ss8186 - - [17/Apr/2023:15:29:44 +0200] "GET Solace HTTP/1.0" 408 1 "Sonia" "Smith"
mr3436 - - [17/Apr/2023:15:33:50 +0200] "PUT Gibson HTTP/1.0" 200 4 "Michael" "Ruiz"
mr3436 - - [17/Apr/2023:15:36:32 +0200] "GET Gibson HTTP/1.0" 200 4 "Michael" "Ruiz"
am5458 - - [17/Apr/2023:15:41:17 +0200] "GET Gibson HTTP/1.0" 200 4 "Alyssa" "Mendez"
bb2420 - - [17/Apr/2023:15:43:29 +0200] "GET Gibson HTTP/1.0" 200 4 "Brett" "Beard"
vg7274 - - [17/Apr/2023:15:45:57 +0200] "PUT Gibson HTTP/1.0" 200 2 "Victoria" "Graham"
ss8186 - - [17/Apr/2023:15:49:39 +0200] "GET Gibson HTTP/1.0" 200 1 "Sonia" "Smith"
ss8186 - - [17/Apr/2023:15:51:58 +0200] "GET Solace HTTP/1.0" 200 1 "Sonia" "Smith"
tr7373 - - [17/Apr/2023:15:53:18 +0200] "PUT Gibson HTTP/1.0" 200 3 "Teresa" "Ryan"
em4346 - - [17/Apr/2023:15:53:49 +0200] "GET Solace HTTP/1.0" 404 3 "Emily" "Martinez"
bb2420 - - [17/Apr/2023:15:55:23 +0200] "PUT Solace HTTP/1.0" 200 4 "Brett" "Beard"
dv1310 - - [17/Apr/2023:15:59:45 +0200] "GET Solace HTTP/1.0" 200 3 "Debra" "Vasquez"
am5458 - - [17/Apr/2023:16:01:41 +0200] "GET Solace HTTP/1.0" 200 4 "Alyssa" "Mendez"
am5458 - - [17/Apr/2023:16:04:36 +0200] "POST Solace HTTP/1.0" 404 4 "Alyssa" "Mendez"
ss8186 - - [17/Apr/2023:16:08:54 +0200] "GET Gibson HTTP/1.0" 200 1 "Sonia" "Smith"
ss8186 - - [17/Apr/2023:16:12:08 +0200] "GET Gibson HTTP/1.0" 200 1 "Sonia" "Smith"
ss8186 - - [17/Apr/2023:16:13:43 +0200] "GET Solace HTTP/1.0" 404 1 "Sonia" "Smith"
ss8186 - - [17/Apr/2023:16:16:51 +0200] "POST Gibson HTTP/1.0" 200 1 "Sonia" "Smith"
am5458 - - [17/Apr/2023:16:19:44 +0200] "POST Gibson HTTP/1.0" 200 4 "Alyssa" "Mendez"
tr7373 - - [17/Apr/2023:16:20:35 +0200] "PUT Gibson HTTP/1.0" 200 3 "Teresa" "Ryan"
am5458 - - [17/Apr/2023:16:25:28 +0200] "PUT Solace HTTP/1.0" 200 4 "Alyssa" "Mendez"
em4346 - - [17/Apr/2023:16:28:07 +0200] "GET Gibson HTTP/1.0" 200 3 "Emily" "Martinez"
bb2420 - - [17/Apr/2023:16:32:38 +0200] "GET Gibson HTTP/1.0" 404 4 "Brett" "Beard"
wa2129 - - [17/Apr/2023:16:36:26 +0200] "GET Solace HTTP/1.0" 200 1 "William" "Allen"
tr7373 - - [17/Apr/2023:16:39:09 +0200] "GET Solace HTTP/1.0" 200 3 "Teresa" "Ryan"
mr3436 - - [17/Apr/2023:16:39:53 +0200] "GET Gibson HTTP/1.0" 200 4 "Michael" "Ruiz"
mr3436 - - [17/Apr/2023:16:43:14 +0200] "POST Gibson HTTP/1.0" 200 4 "Michael" "Ruiz"
ss8186 - - [17/Apr/2023:16:44:29 +0200] "GET Gibson HTTP/1.0" 200 1 "Sonia" "Smith"
dv1310 - - [17/Apr/2023:16:49:27 +0200] "GET Gibson HTTP/1.0" 200 3 "Debra" "Vasquez"
em4346 - - [17/Apr/2023:16:52:26 +0200] "GET Gibson HTTP/1.0" 200 3 "Emily" "Martinez"
am5458 - - [17/Apr/2023:16:55:11 +0200] "GET Gibson HTTP/1.0" 200 4 "Alyssa" "Mendez"
mr3436 - - [17/Apr/2023:16:59:20 +0200] "GET Gibson HTTP/1.0" 200 4 "Michael" "Ruiz"
mr3436 - - [17/Apr/2023:17:03:48 +0200] "GET Solace HTTP/1.0" 200 4 "Michael" "Ruiz"
dv1310 - - [17/Apr/2023:17:07:02 +0200] "GET Gibson HTTP/1.0" 200 3 "Debra" "Vasquez"
am5458 - - [17/Apr/2023:17:09:02 +0200] "GET Solace HTTP/1.0" 200 4 "Alyssa" "Mendez"
mr3436 - - [17/Apr/2023:17:09:34 +0200] "PUT Solace HTTP/1.0" 200 4 "Michael" "Ruiz"
am5458 - - [17/Apr/2023:17:11:33 +0200] "POST Solace HTTP/1.0" 200 4 "Alyssa" "Mendez"
wa2129 - - [17/Apr/2023:17:14:20 +0200] "GET Gibson HTTP/1.0" 200 1 "William" "Allen"
am5458 - - [17/Apr/2023:17:15:31 +0200] "PUT Gibson HTTP/1.0" 200 4 "Alyssa" "Mendez"
cg8188 - - [17/Apr/2023:17:18:48 +0200] "GET Solace HTTP/1.0" 200 1 "Carol" "Garrison"
ss8186 - - [17/Apr/2023:17:20:23 +0200] "PUT Gibson HTTP/1.0" 200 1 "Sonia" "Smith"
tr7373 - - [17/Apr/2023:17:23:37 +0200] "GET Solace HTTP/1.0" 200 3 "Teresa" "Ryan"
em4346 - - [17/Apr/2023:17:26:47 +0200] "PUT Solace HTTP/1.0" 200 3 "Emily" "Martinez"
cg8188 - - [17/Apr/2023:17:30:58 +0200] "PUT Solace HTTP/1.0" 200 1 "Carol" "Garrison"
tr7373 - - [17/Apr/2023:17:33:33 +0200] "GET Gibson HTTP/1.0" 408 3 "Teresa" "Ryan"
dv1310 - - [17/Apr/2023:17:34:51 +0200] "PUT Gibson HTTP/1.0" 200 3 "Debra" "Vasquez"
ss8186 - - [17/Apr/2023:17:38:56 +0200] "GET Gibson HTTP/1.0" 408 1 "Sonia" "Smith"
mr3436 - - [17/Apr/2023:17:42:08 +0200] "GET Solace HTTP/1.0" 200 4 "Michael" "Ruiz"
ss8186 - - [17/Apr/2023:17:44:04 +0200] "GET Solace HTTP/1.0" 200 1 "Sonia" "Smith"
wa2129 - - [17/Apr/2023:17:48:32 +0200] "GET Gibson HTTP/1.0" 200 1 "William" "Allen"
vg7274 - - [17/Apr/2023:17:52:45 +0200] "GET Solace HTTP/1.0" 200 2 "Victoria" "Graham"
bb2420 - - [17/Apr/2023:17:54:03 +0200] "GET Gibson HTTP/1.0" 200 4 "Brett" "Beard"
ss8186 - - [17/Apr/2023:17:58:35 +0200] "PUT Solace HTTP/1.0" 200 1 "Sonia" "Smith"
cg8188 - - [17/Apr/2023:18:00:04 +0200] "GET Solace HTTP/1.0" 200 1 "Carol" "Garrison"
tr7373 - - [17/Apr/2023:18:04:54 +0200] "POST Solace HTTP/1.0" 200 3 "Teresa" "Ryan"
cg8188 - - [17/Apr/2023:18:06:42 +0200] "GET Gibson HTTP/1.0" 200 1 "Carol" "Garrison"
cg8188 - - [17/Apr/2023:18:08:59 +0200] "GET Gibson HTTP/1.0" 200 1 "Carol" "Garrison"
mr3436 - - [17/Apr/2023:18:10:28 +0200] "GET Gibson HTTP/1.0" 200 4 "Michael" "Ruiz"
dv1310 - - [17/Apr/2023:18:12:48 +0200] "GET Solace HTTP/1.0" 200 3 "Debra" "Vasquez"
ss8186 - - [17/Apr/2023:18:13:23 +0200] "POST Solace HTTP/1.0" 200 1 "Sonia" "Smith"
ss8186 - - [17/Apr/2023:18:16:26 +0200] "POST Solace HTTP/1.0" 200 1 "Sonia" "Smith"
mr3436 - - [17/Apr/2023:18:21:06 +0200] "POST Solace HTTP/1.0" 200 4 "Michael" "Ruiz"
em4346 - - [17/Apr/2023:18:25:41 +0200] "POST Gibson HTTP/1.0" 200 3 "Emily" "Martinez"
dv1310 - - [17/Apr/2023:18:28:39 +0200] "GET Gibson HTTP/1.0" 200 3 "Debra" "Vasquez"
cg8188 - - [17/Apr/2023:18:30:17 +0200] "GET Solace HTTP/1.0" 200 1 "Carol" "Garrison"
bb2420 - - [17/Apr/2023:18:32:11 +0200] "GET Solace HTTP/1.0" 200 4 "Brett" "Beard"
cg8188 - - [17/Apr/2023:18:34:36 +0200] "GET Gibson HTTP/1.0" 200 1 "Carol" "Garrison"
dv1310 - - [17/Apr/2023:18:35:51 +0200] "GET Gibson HTTP/1.0" 200 3 "Debra" "Vasquez"
bb2420 - - [17/Apr/2023:18:40:37 +0200] "GET Solace HTTP/1.0" 200 4 "Brett" "Beard"
tr7373 - - [17/Apr/2023:18:42:07 +0200] "PUT Gibson HTTP/1.0" 200 3 "Teresa" "Ryan"
am5458 - - [17/Apr/2023:18:45:40 +0200] "DELETE Solace HTTP/1.0" 200 4 "Alyssa" "Mendez"
bb2420 - - [17/Apr/2023:18:47:15 +0200] "GET Solace HTTP/1.0" 200 4 "Brett" "Beard"
em4346 - - [17/Apr/2023:18:50:32 +0200] "DELETE Gibson HTTP/1.0" 200 3 "Emily" "Martinez"
am5458 - - [17/Apr/2023:18:52:58 +0200] "GET Solace HTTP/1.0" 200 4 "Alyssa" "Mendez"
wa2129 - - [17/Apr/2023:18:55:12 +0200] "PUT Solace HTTP/1.0" 200 1 "William" "Allen"
am5458 - - [17/Apr/2023:18:57:47 +0200] "PUT Solace HTTP/1.0" 200 4 "Alyssa" "Mendez"
dv1310 - - [17/Apr/2023:19:02:38 +0200] "PUT Solace HTTP/1.0" 200 3 "Debra" "Vasquez"
wa2129 - - [17/Apr/2023:19:07:36 +0200] "GET Gibson HTTP/1.0" 401 1 "William" "Allen"
ss8186 - - [17/Apr/2023:19:12:20 +0200] "GET Gibson HTTP/1.0" 200 1 "Sonia" "Smith"
tr7373 - - [17/Apr/2023:19:14:37 +0200] "GET Solace HTTP/1.0" 200 3 "Teresa" "Ryan"
vg7274 - - [17/Apr/2023:19:17:17 +0200] "GET Solace HTTP/1.0" 200 2 "Victoria" "Graham"
bb2420 - - [17/Apr/2023:19:20:41 +0200] "GET Gibson HTTP/1.0" 200 4 "Brett" "Beard"
dv1310 - - [17/Apr/2023:19:24:38 +0200] "GET Solace HTTP/1.0" 200 3 "Debra" "Vasquez"
mr3436 - - [17/Apr/2023:19:26:40 +0200] "GET Gibson HTTP/1.0" 200 4 "Michael" "Ruiz"
vg7274 - - [17/Apr/2023:19:31:26 +0200] "GET Solace HTTP/1.0" 200 2 "Victoria" "Graham"
bb2420 - - [17/Apr/2023:19:35:15 +0200] "GET Solace HTTP/1.0" 200 4 "Brett" "Beard"
wa2129 - - [17/Apr/2023:19:39:21 +0200] "GET Gibson HTTP/1.0" 200 1 "William" "Allen"
am5458 - - [17/Apr/2023:19:40:21 +0200] "GET Gibson HTTP/1.0" 200 4 "Alyssa" "Mendez"
dv1310 - - [17/Apr/2023:19:44:12 +0200] "PUT Gibson HTTP/1.0" 200 3 "Debra" "Vasquez"
dv1310 - - [17/Apr/2023:19:48:07 +0200] "POST Solace HTTP/1.0" 200 3 "Debra" "Vasquez"
em4346 - - [17/Apr/2023:19:52:26 +0200] "PUT Gibson HTTP/1.0" 200 3 "Emily" "Martinez"
cg8188 - - [17/Apr/2023:19:53:16 +0200] "GET Solace HTTP/1.0" 200 1 "Carol" "Garrison"
vg7274 - - [17/Apr/2023:19:54:54 +0200] "DELETE Gibson HTTP/1.0" 200 2 "Victoria" "Graham"
wa2129 - - [17/Apr/2023:19:57:13 +0200] "GET Solace HTTP/1.0" 200 1 "William" "Allen"
tr7373 - - [17/Apr/2023:19:58:00 +0200] "GET Solace HTTP/1.0" 200 3 "Teresa" "Ryan"
ss8186 - - [17/Apr/2023:20:02:07 +0200] "GET Gibson HTTP/1.0" 200 1 "Sonia" "Smith"
tr7373 - - [17/Apr/2023:20:04:13 +0200] "GET Solace HTTP/1.0" 200 3 "Teresa" "Ryan"
bb2420 - - [17/Apr/2023:20:08:46 +0200] "PUT Solace HTTP/1.0" 200 4 "Brett" "Beard"
am5458 - - [17/Apr/2023:20:13:28 +0200] "POST Solace HTTP/1.0" 200 4 "Alyssa" "Mendez"
vg7274 - - [17/Apr/2023:20:16:17 +0200] "GET Gibson HTTP/1.0" 200 2 "Victoria" "Graham"
