rw6296 - - [07/Apr/2023:03:11:15 +0200] "GET Gibson HTTP/1.0" 200 2 "Robyn" "Wright"
jp4615 - - [07/Apr/2023:03:15:00 +0200] "DELETE Gibson HTTP/1.0" 200 4 "Jocelyn" "Phillips"
mw7382 - - [07/Apr/2023:03:19:07 +0200] "GET Gibson HTTP/1.0" 200 2 "Mary" "Walker"
jw2950 - - [07/Apr/2023:03:21:49 +0200] "PUT Gibson HTTP/1.0" 200 2 "James" "Wright"
mem9664 - - [07/Apr/2023:03:26:43 +0200] "GET Solace HTTP/1.0" 408 4 "Mrs." "Erica"
ts7159 - - [07/Apr/2023:03:28:06 +0200] "GET Gibson HTTP/1.0" 200 3 "Theresa" "Smith"
wh9437 - - [07/Apr/2023:03:33:01 +0200] "PUT Gibson HTTP/1.0" 200 1 "William" "Hanna"
cl8748 - - [07/Apr/2023:03:36:34 +0200] "GET Gibson HTTP/1.0" 401 2 "Christopher" "Lewis"
kc4753 - - [07/Apr/2023:03:41:11 +0200] "GET Solace HTTP/1.0" 200 2 "Kimberly" "Crosby"
js3865 - - [07/Apr/2023:03:42:17 +0200] "GET Solace HTTP/1.0" 200 1 "Jordan" "Shaw"
md5753 - - [07/Apr/2023:03:46:23 +0200] "GET Solace HTTP/1.0" 200 2 "Michael" "Davis"
ag6178 - - [07/Apr/2023:03:49:00 +0200] "GET Gibson HTTP/1.0" 200 1 "Abigail" "Gibson"
mf9087 - - [07/Apr/2023:03:50:57 +0200] "GET Gibson HTTP/1.0" 200 1 "Matthew" "Ferguson"
bc8763 - - [07/Apr/2023:03:53:37 +0200] "DELETE Solace HTTP/1.0" 200 3 "Brian" "Carr"
mm4361 - - [07/Apr/2023:03:58:09 +0200] "GET Gibson HTTP/1.0" 200 2 "Matthew" "Martinez"
mm6854 - - [07/Apr/2023:04:00:20 +0200] "PUT Gibson HTTP/1.0" 200 1 "Maria" "Munoz"
bh4024 - - [07/Apr/2023:04:01:21 +0200] "GET Gibson HTTP/1.0" 200 2 "Bryan" "Hansen"
aa9873 - - [07/Apr/2023:04:04:21 +0200] "GET Gibson HTTP/1.0" 200 1 "Anthony" "Alvarez"
jk9233 - - [07/Apr/2023:04:08:14 +0200] "GET Gibson HTTP/1.0" 200 4 "Jennifer" "Kennedy"
aw6494 - - [07/Apr/2023:04:12:40 +0200] "GET Gibson HTTP/1.0" 200 4 "Anna" "Watkins"
mc2124 - - [07/Apr/2023:04:16:43 +0200] "GET Solace HTTP/1.0" 200 1 "Mark" "Clark"
pm6047 - - [07/Apr/2023:04:20:06 +0200] "PUT Gibson HTTP/1.0" 200 4 "Peter" "Miller"
dm7040 - - [07/Apr/2023:04:24:53 +0200] "DELETE Solace HTTP/1.0" 200 3 "Darrell" "Miller"
sc4213 - - [07/Apr/2023:04:27:51 +0200] "GET Gibson HTTP/1.0" 200 3 "Sarah" "Campbell"
jk2675 - - [07/Apr/2023:04:29:13 +0200] "POST Solace HTTP/1.0" 200 2 "Jeremy" "Kelly"
tl3161 - - [07/Apr/2023:04:30:21 +0200] "GET Solace HTTP/1.0" 401 4 "Timothy" "Larson"
bb5329 - - [07/Apr/2023:04:32:20 +0200] "DELETE Solace HTTP/1.0" 200 3 "Bryan" "Brock"
ww6722 - - [07/Apr/2023:04:32:59 +0200] "DELETE Gibson HTTP/1.0" 200 3 "William" "Weiss"
cr6865 - - [07/Apr/2023:04:35:28 +0200] "DELETE Gibson HTTP/1.0" 200 3 "Casey" "Rogers"
lp9003 - - [07/Apr/2023:04:39:14 +0200] "GET Solace HTTP/1.0" 200 2 "Larry" "Perez"
mp8177 - - [07/Apr/2023:04:40:41 +0200] "POST Solace HTTP/1.0" 200 3 "Marie" "Perez"
kw7554 - - [07/Apr/2023:04:43:44 +0200] "GET Gibson HTTP/1.0" 200 3 "Kimberly" "Wilson"
db7699 - - [07/Apr/2023:04:48:03 +0200] "GET Solace HTTP/1.0" 200 4 "Dennis" "Barron"
wk3147 - - [07/Apr/2023:04:50:16 +0200] "PUT Solace HTTP/1.0" 200 4 "Wendy" "Kaufman"
jj1320 - - [07/Apr/2023:04:53:51 +0200] "GET Gibson HTTP/1.0" 200 1 "Jennifer" "Jones"
kb9014 - - [07/Apr/2023:04:57:41 +0200] "DELETE Solace HTTP/1.0" 200 1 "Karen" "Bowman"
mm5028 - - [07/Apr/2023:05:00:22 +0200] "PUT Solace HTTP/1.0" 200 2 "Micheal" "Moore"
jj9041 - - [07/Apr/2023:05:01:32 +0200] "GET Solace HTTP/1.0" 200 3 "Jesse" "Johnston"
jb6685 - - [07/Apr/2023:05:03:32 +0200] "GET Gibson HTTP/1.0" 200 3 "Joseph" "Burton"
jc6892 - - [07/Apr/2023:05:05:51 +0200] "PUT Solace HTTP/1.0" 200 2 "Jamie" "Crane"
dr9921 - - [07/Apr/2023:05:09:06 +0200] "GET Solace HTTP/1.0" 200 2 "David" "Richardson"
aw8408 - - [07/Apr/2023:05:13:05 +0200] "DELETE Solace HTTP/1.0" 200 1 "Andrea" "Wallace"
nv9748 - - [07/Apr/2023:05:15:44 +0200] "DELETE Solace HTTP/1.0" 200 3 "Nathan" "Valencia"
jv9055 - - [07/Apr/2023:05:18:18 +0200] "GET Solace HTTP/1.0" 200 3 "John" "Vaughn"
ml3748 - - [07/Apr/2023:05:18:58 +0200] "GET Solace HTTP/1.0" 200 3 "Marie" "Lopez"
sc2781 - - [07/Apr/2023:05:21:01 +0200] "DELETE Solace HTTP/1.0" 401 4 "Sarah" "Clark"
bw2620 - - [07/Apr/2023:05:25:44 +0200] "GET Gibson HTTP/1.0" 200 1 "Brittany" "Williams"
am9106 - - [07/Apr/2023:05:26:57 +0200] "PUT Gibson HTTP/1.0" 200 1 "Andrew" "Moore"
km4176 - - [07/Apr/2023:05:29:58 +0200] "DELETE Gibson HTTP/1.0" 200 4 "Kristin" "Mcclain"
js6926 - - [07/Apr/2023:05:30:28 +0200] "PUT Solace HTTP/1.0" 200 3 "James" "Santos"
dg4441 - - [07/Apr/2023:05:35:07 +0200] "GET Solace HTTP/1.0" 408 3 "Derek" "Gomez"
aw5051 - - [07/Apr/2023:05:39:36 +0200] "GET Gibson HTTP/1.0" 200 4 "Anita" "Williams"
dz6057 - - [07/Apr/2023:05:42:09 +0200] "GET Gibson HTTP/1.0" 404 3 "Daniel" "Zuniga"
kb4031 - - [07/Apr/2023:05:47:02 +0200] "GET Solace HTTP/1.0" 200 2 "Karen" "Brown"
lk3632 - - [07/Apr/2023:05:48:38 +0200] "GET Gibson HTTP/1.0" 200 3 "Lance" "Kennedy"
ac6257 - - [07/Apr/2023:05:52:02 +0200] "GET Solace HTTP/1.0" 408 1 "Angela" "Carlson"
kc6942 - - [07/Apr/2023:05:53:33 +0200] "GET Solace HTTP/1.0" 200 4 "Kathleen" "Cooper"
mh1185 - - [07/Apr/2023:05:57:51 +0200] "DELETE Gibson HTTP/1.0" 404 2 "Michelle" "Holt"
rd5483 - - [07/Apr/2023:05:58:51 +0200] "PUT Gibson HTTP/1.0" 200 2 "Robin" "Diaz"
sl4979 - - [07/Apr/2023:06:00:12 +0200] "GET Solace HTTP/1.0" 200 4 "Sarah" "Logan"
trd7425 - - [07/Apr/2023:06:02:48 +0200] "PUT Gibson HTTP/1.0" 200 1 "Tammy" "Rojas"
ms3027 - - [07/Apr/2023:06:03:31 +0200] "GET Gibson HTTP/1.0" 200 1 "Maria" "Stanley"
rj1514 - - [07/Apr/2023:06:07:08 +0200] "POST Solace HTTP/1.0" 200 2 "Russell" "Johnson"
cb4476 - - [07/Apr/2023:06:10:55 +0200] "GET Solace HTTP/1.0" 200 1 "Christopher" "Butler"
eg4539 - - [07/Apr/2023:06:11:45 +0200] "GET Gibson HTTP/1.0" 200 1 "Edwin" "Gibson"
ab5425 - - [07/Apr/2023:06:15:16 +0200] "POST Gibson HTTP/1.0" 200 2 "Alicia" "Bryant"
cd9203 - - [07/Apr/2023:06:16:51 +0200] "POST Gibson HTTP/1.0" 200 1 "Christopher" "Dalton"
kg1029 - - [07/Apr/2023:06:20:40 +0200] "PUT Gibson HTTP/1.0" 200 3 "Kerry" "Graham"
dr6987 - - [07/Apr/2023:06:23:56 +0200] "PUT Gibson HTTP/1.0" 200 2 "Donald" "Russell"
bg2826 - - [07/Apr/2023:06:27:22 +0200] "PUT Solace HTTP/1.0" 200 3 "Barbara" "Gutierrez"
br7970 - - [07/Apr/2023:06:28:11 +0200] "GET Gibson HTTP/1.0" 200 1 "Bradley" "Robertson"
ks1118 - - [07/Apr/2023:06:31:11 +0200] "GET Solace HTTP/1.0" 404 3 "Kathleen" "Simmons"
po3939 - - [07/Apr/2023:06:33:04 +0200] "GET Gibson HTTP/1.0" 200 2 "Peter" "Osborne"
fw2134 - - [07/Apr/2023:06:37:43 +0200] "PUT Gibson HTTP/1.0" 200 3 "Felicia" "Weber"
nj2919 - - [07/Apr/2023:06:39:17 +0200] "GET Gibson HTTP/1.0" 200 3 "Nathan" "Johnson"
fw2740 - - [07/Apr/2023:06:40:41 +0200] "GET Gibson HTTP/1.0" 200 3 "Frank" "White"
lw1833 - - [07/Apr/2023:06:45:26 +0200] "GET Gibson HTTP/1.0" 408 1 "Laura" "Walters"
nm5850 - - [07/Apr/2023:06:46:31 +0200] "GET Gibson HTTP/1.0" 408 2 "Nicholas" "Mcgrath"
jw2840 - - [07/Apr/2023:06:48:57 +0200] "GET Solace HTTP/1.0" 200 2 "Juan" "Walsh"
dh3834 - - [07/Apr/2023:06:49:35 +0200] "GET Solace HTTP/1.0" 200 4 "Denise" "Henson"
ss7857 - - [07/Apr/2023:06:50:32 +0200] "GET Solace HTTP/1.0" 200 1 "Sarah" "Sellers"
ac4694 - - [07/Apr/2023:06:51:10 +0200] "GET Gibson HTTP/1.0" 200 4 "Amanda" "Clark"
tg3060 - - [07/Apr/2023:06:54:09 +0200] "GET Solace HTTP/1.0" 200 1 "Travis" "Gonzales"
jp1400 - - [07/Apr/2023:06:58:00 +0200] "GET Solace HTTP/1.0" 200 4 "John" "Powers"
dk2378 - - [07/Apr/2023:07:02:12 +0200] "GET Solace HTTP/1.0" 200 3 "David" "Keller"
dcm4942 - - [07/Apr/2023:07:03:25 +0200] "GET Gibson HTTP/1.0" 200 3 "Danielle" "Cook"
jm4355 - - [07/Apr/2023:07:08:07 +0200] "GET Solace HTTP/1.0" 200 3 "Jillian" "Miller"
km4477 - - [07/Apr/2023:07:09:34 +0200] "GET Solace HTTP/1.0" 200 3 "Kevin" "Moore"
ts5985 - - [07/Apr/2023:07:13:59 +0200] "GET Gibson HTTP/1.0" 404 2 "Timothy" "Schroeder"
sz2147 - - [07/Apr/2023:07:16:01 +0200] "DELETE Solace HTTP/1.0" 200 2 "Scott" "Zhang"
as5857 - - [07/Apr/2023:07:16:40 +0200] "POST Solace HTTP/1.0" 200 4 "Anthony" "Smith"
br2440 - - [07/Apr/2023:07:19:22 +0200] "GET Gibson HTTP/1.0" 200 4 "Benjamin" "Ramos"
sw1714 - - [07/Apr/2023:07:22:19 +0200] "PUT Solace HTTP/1.0" 200 3 "Stephanie" "Williams"
td8704 - - [07/Apr/2023:07:26:52 +0200] "PUT Solace HTTP/1.0" 200 1 "Tony" "Daniel"
es4093 - - [07/Apr/2023:07:31:36 +0200] "GET Solace HTTP/1.0" 200 4 "Elizabeth" "Shannon"
jb4816 - - [07/Apr/2023:07:32:33 +0200] "GET Gibson HTTP/1.0" 200 3 "Jennifer" "Brown"
dg9455 - - [07/Apr/2023:07:37:06 +0200] "POST Solace HTTP/1.0" 200 4 "David" "Glover"
dl8975 - - [07/Apr/2023:07:38:06 +0200] "DELETE Gibson HTTP/1.0" 200 4 "David" "Lewis"
gm2814 - - [07/Apr/2023:07:41:07 +0200] "GET Gibson HTTP/1.0" 404 3 "Gregory" "Montgomery"
jr1040 - - [07/Apr/2023:07:43:34 +0200] "PUT Gibson HTTP/1.0" 300 1 "Jeff" "Rodriguez"
