ms4341 - - [17/Apr/2023:15:24:53 +0200] "GET Solace HTTP/1.0" 200 3 "Michael" "Smith"
pf9494 - - [17/Apr/2023:15:29:07 +0200] "PUT Gibson HTTP/1.0" 200 4 "Peter" "Franklin"
cm3238 - - [17/Apr/2023:15:29:59 +0200] "GET Solace HTTP/1.0" 200 2 "Christopher" "Martin"
gr4149 - - [17/Apr/2023:15:31:45 +0200] "GET Solace HTTP/1.0" 200 1 "Gina" "Roy"
lr7178 - - [17/Apr/2023:15:35:02 +0200] "PUT Solace HTTP/1.0" 200 1 "Leslie" "Rice"
hf8489 - - [17/Apr/2023:15:39:19 +0200] "GET Gibson HTTP/1.0" 200 4 "Heather" "Fields"
ak7478 - - [17/Apr/2023:15:44:08 +0200] "POST Gibson HTTP/1.0" 200 4 "Andrea" "Kemp"
lr7178 - - [17/Apr/2023:15:46:25 +0200] "GET Solace HTTP/1.0" 200 1 "Leslie" "Rice"
al2225 - - [17/Apr/2023:15:49:26 +0200] "PUT Solace HTTP/1.0" 200 2 "Andrew" "Lewis"
sr6461 - - [17/Apr/2023:15:50:46 +0200] "GET Solace HTTP/1.0" 404 4 "Stacy" "Romero"
js8281 - - [17/Apr/2023:15:51:32 +0200] "GET Gibson HTTP/1.0" 200 2 "Jonathan" "Strong"
rb4340 - - [17/Apr/2023:15:54:49 +0200] "GET Gibson HTTP/1.0" 200 3 "Regina" "Burch"
gc8182 - - [17/Apr/2023:15:55:19 +0200] "GET Gibson HTTP/1.0" 401 1 "Gregory" "Cantrell"
mb6367 - - [17/Apr/2023:15:57:59 +0200] "GET Gibson HTTP/1.0" 200 3 "Michael" "Becker"
eh6268 - - [17/Apr/2023:15:58:50 +0200] "PUT Gibson HTTP/1.0" 401 2 "Erin" "Hughes"
dj5454 - - [17/Apr/2023:16:02:04 +0200] "GET Gibson HTTP/1.0" 200 4 "David" "Jenkins"
ds5456 - - [17/Apr/2023:16:05:23 +0200] "GET Gibson HTTP/1.0" 200 4 "Denise" "Sellers"
tf6464 - - [17/Apr/2023:16:09:39 +0200] "POST Gibson HTTP/1.0" 200 4 "Teresa" "Flores"
tw7170 - - [17/Apr/2023:16:13:36 +0200] "POST Solace HTTP/1.0" 200 1 "Tyler" "Walter"
ks9395 - - [17/Apr/2023:16:14:53 +0200] "PUT Gibson HTTP/1.0" 200 3 "Karen" "Schroeder"
ps7277 - - [17/Apr/2023:16:15:24 +0200] "DELETE Gibson HTTP/1.0" 200 2 "Patrick" "Smith"
jg9492 - - [17/Apr/2023:16:19:00 +0200] "DELETE Gibson HTTP/1.0" 200 4 "James" "Green"
ks9395 - - [17/Apr/2023:16:22:31 +0200] "POST Solace HTTP/1.0" 200 3 "Karen" "Schroeder"
cv6165 - - [17/Apr/2023:16:23:30 +0200] "GET Solace HTTP/1.0" 401 1 "Corey" "Vazquez"
jc2427 - - [17/Apr/2023:16:26:34 +0200] "GET Solace HTTP/1.0" 200 4 "Jonathan" "Campbell"
jm4349 - - [17/Apr/2023:16:30:12 +0200] "GET Solace HTTP/1.0" 200 3 "James" "Moore"
kf1112 - - [17/Apr/2023:16:33:43 +0200] "GET Solace HTTP/1.0" 200 1 "Kevin" "Frank"
sz4146 - - [17/Apr/2023:16:36:32 +0200] "GET Gibson HTTP/1.0" 200 1 "Susan" "Zimmerman"
hf8489 - - [17/Apr/2023:16:39:28 +0200] "GET Gibson HTTP/1.0" 200 4 "Heather" "Fields"
rm6365 - - [17/Apr/2023:16:43:33 +0200] "GET Solace HTTP/1.0" 200 3 "Ryan" "Morgan"
ag3237 - - [17/Apr/2023:16:47:52 +0200] "PUT Gibson HTTP/1.0" 200 2 "Anne" "Graham"
ks9395 - - [17/Apr/2023:16:51:39 +0200] "GET Solace HTTP/1.0" 200 3 "Karen" "Schroeder"
lc8185 - - [17/Apr/2023:16:52:48 +0200] "PUT Gibson HTTP/1.0" 200 1 "Lori" "Chang"
kl6365 - - [17/Apr/2023:16:57:08 +0200] "GET Solace HTTP/1.0" 200 3 "Kelly" "Lewis"
cc8184 - - [17/Apr/2023:17:01:05 +0200] "POST Gibson HTTP/1.0" 200 1 "Chad" "Chase"
cj9394 - - [17/Apr/2023:17:05:34 +0200] "POST Gibson HTTP/1.0" 200 3 "Connor" "Jenkins"
sr6461 - - [17/Apr/2023:17:08:49 +0200] "GET Gibson HTTP/1.0" 200 4 "Stacy" "Romero"
pf9494 - - [17/Apr/2023:17:09:50 +0200] "PUT Gibson HTTP/1.0" 200 4 "Peter" "Franklin"
tf6464 - - [17/Apr/2023:17:14:06 +0200] "GET Gibson HTTP/1.0" 200 4 "Teresa" "Flores"
ms4341 - - [17/Apr/2023:17:15:17 +0200] "GET Gibson HTTP/1.0" 200 3 "Michael" "Smith"
hf8489 - - [17/Apr/2023:17:16:22 +0200] "GET Solace HTTP/1.0" 200 4 "Heather" "Fields"
jc2427 - - [17/Apr/2023:17:19:37 +0200] "PUT Solace HTTP/1.0" 200 4 "Jonathan" "Campbell"
js9398 - - [17/Apr/2023:17:20:15 +0200] "GET Gibson HTTP/1.0" 200 3 "Jason" "Smith"
ak7478 - - [17/Apr/2023:17:24:23 +0200] "GET Gibson HTTP/1.0" 200 4 "Andrea" "Kemp"
cv6165 - - [17/Apr/2023:17:29:03 +0200] "GET Gibson HTTP/1.0" 408 1 "Corey" "Vazquez"
ng2129 - - [17/Apr/2023:17:29:57 +0200] "GET Solace HTTP/1.0" 200 1 "Nicholas" "Giles"
ag3237 - - [17/Apr/2023:17:30:45 +0200] "GET Gibson HTTP/1.0" 200 2 "Anne" "Graham"
ah8386 - - [17/Apr/2023:17:32:33 +0200] "PUT Solace HTTP/1.0" 200 3 "Amy" "Hall"
sd7276 - - [17/Apr/2023:17:34:34 +0200] "PUT Gibson HTTP/1.0" 200 2 "Steven" "Davis"
ed1112 - - [17/Apr/2023:17:35:29 +0200] "PUT Solace HTTP/1.0" 200 1 "Elizabeth" "Davis"
ds5456 - - [17/Apr/2023:17:38:45 +0200] "GET Solace HTTP/1.0" 200 4 "Denise" "Sellers"
vc6368 - - [17/Apr/2023:17:39:47 +0200] "GET Gibson HTTP/1.0" 200 3 "Vincent" "Conner"
cv6165 - - [17/Apr/2023:17:43:44 +0200] "GET Solace HTTP/1.0" 200 1 "Corey" "Vazquez"
kl6365 - - [17/Apr/2023:17:46:49 +0200] "DELETE Solace HTTP/1.0" 200 3 "Kelly" "Lewis"
td5155 - - [17/Apr/2023:17:49:32 +0200] "GET Gibson HTTP/1.0" 200 1 "Tina" "Davis"
cb1310 - - [17/Apr/2023:17:52:18 +0200] "PUT Gibson HTTP/1.0" 200 3 "Curtis" "Boyd"
ks8387 - - [17/Apr/2023:17:53:36 +0200] "POST Solace HTTP/1.0" 200 3 "Kristin" "Sanders"
tf6464 - - [17/Apr/2023:17:54:22 +0200] "GET Solace HTTP/1.0" 200 4 "Teresa" "Flores"
jt6462 - - [17/Apr/2023:17:56:02 +0200] "GET Solace HTTP/1.0" 200 4 "Jacob" "Thornton"
jb5454 - - [17/Apr/2023:18:00:07 +0200] "GET Solace HTTP/1.0" 200 4 "Jose" "Blackburn"
tw7170 - - [17/Apr/2023:18:01:37 +0200] "GET Gibson HTTP/1.0" 200 1 "Tyler" "Walter"
kf1112 - - [17/Apr/2023:18:06:37 +0200] "GET Solace HTTP/1.0" 200 1 "Kevin" "Frank"
al2225 - - [17/Apr/2023:18:07:46 +0200] "GET Gibson HTTP/1.0" 200 2 "Andrew" "Lewis"
jh7178 - - [17/Apr/2023:18:11:07 +0200] "PUT Gibson HTTP/1.0" 200 1 "Jennifer" "Hamilton"
rf4146 - - [17/Apr/2023:18:13:04 +0200] "GET Solace HTTP/1.0" 300 1 "Rebecca" "Flores"
mb6367 - - [17/Apr/2023:18:16:48 +0200] "GET Solace HTTP/1.0" 200 3 "Michael" "Becker"
ns1211 - - [17/Apr/2023:18:19:28 +0200] "GET Gibson HTTP/1.0" 200 2 "Noah" "Stewart"
rm6365 - - [17/Apr/2023:18:21:10 +0200] "GET Solace HTTP/1.0" 200 3 "Ryan" "Morgan"
ks9395 - - [17/Apr/2023:18:23:32 +0200] "DELETE Gibson HTTP/1.0" 200 3 "Karen" "Schroeder"
ms4346 - - [17/Apr/2023:18:27:04 +0200] "GET Gibson HTTP/1.0" 200 3 "Michael" "Schmidt"
lm5255 - - [17/Apr/2023:18:29:14 +0200] "PUT Gibson HTTP/1.0" 300 2 "Lisa" "Morris"
cg3436 - - [17/Apr/2023:18:31:03 +0200] "PUT Solace HTTP/1.0" 200 4 "Carlos" "Griffin"
jc2427 - - [17/Apr/2023:18:34:21 +0200] "GET Solace HTTP/1.0" 200 4 "Jonathan" "Campbell"
dm3431 - - [17/Apr/2023:18:35:47 +0200] "GET Solace HTTP/1.0" 200 4 "Denise" "Martin"
df9399 - - [17/Apr/2023:18:38:59 +0200] "GET Gibson HTTP/1.0" 200 3 "Danielle" "Freeman"
cc8184 - - [17/Apr/2023:18:41:57 +0200] "GET Solace HTTP/1.0" 200 1 "Chad" "Chase"
cj9394 - - [17/Apr/2023:18:46:01 +0200] "GET Solace HTTP/1.0" 200 3 "Connor" "Jenkins"
db3239 - - [17/Apr/2023:18:49:16 +0200] "GET Solace HTTP/1.0" 200 2 "David" "Bonilla"
sr6461 - - [17/Apr/2023:18:51:28 +0200] "GET Gibson HTTP/1.0" 200 4 "Stacy" "Romero"
rr5157 - - [17/Apr/2023:18:53:13 +0200] "DELETE Solace HTTP/1.0" 200 1 "Ray" "Ross"
kr4245 - - [17/Apr/2023:18:57:40 +0200] "GET Solace HTTP/1.0" 200 2 "Katherine" "Ryan"
ng2129 - - [17/Apr/2023:19:00:43 +0200] "DELETE Gibson HTTP/1.0" 200 1 "Nicholas" "Giles"
jg9492 - - [17/Apr/2023:19:04:30 +0200] "POST Solace HTTP/1.0" 200 4 "James" "Green"
dm3431 - - [17/Apr/2023:19:09:12 +0200] "GET Gibson HTTP/1.0" 200 4 "Denise" "Martin"
eh6268 - - [17/Apr/2023:19:10:05 +0200] "GET Gibson HTTP/1.0" 200 2 "Erin" "Hughes"
cg3436 - - [17/Apr/2023:19:11:26 +0200] "DELETE Solace HTTP/1.0" 200 4 "Carlos" "Griffin"
ks9395 - - [17/Apr/2023:19:15:09 +0200] "DELETE Gibson HTTP/1.0" 200 3 "Karen" "Schroeder"
kr4245 - - [17/Apr/2023:19:20:01 +0200] "GET Gibson HTTP/1.0" 200 2 "Katherine" "Ryan"
dj5454 - - [17/Apr/2023:19:22:04 +0200] "PUT Solace HTTP/1.0" 200 4 "David" "Jenkins"
tw7170 - - [17/Apr/2023:19:23:19 +0200] "GET Solace HTTP/1.0" 200 1 "Tyler" "Walter"
sw8282 - - [17/Apr/2023:19:28:09 +0200] "GET Solace HTTP/1.0" 200 2 "Steven" "Weaver"
db3239 - - [17/Apr/2023:19:29:34 +0200] "GET Solace HTTP/1.0" 200 2 "David" "Bonilla"
bm1310 - - [17/Apr/2023:19:31:03 +0200] "GET Gibson HTTP/1.0" 200 3 "Brian" "Mills"
lr7178 - - [17/Apr/2023:19:34:04 +0200] "POST Solace HTTP/1.0" 200 1 "Leslie" "Rice"
lr7178 - - [17/Apr/2023:19:38:24 +0200] "PUT Gibson HTTP/1.0" 200 1 "Leslie" "Rice"
ds5456 - - [17/Apr/2023:19:39:24 +0200] "PUT Solace HTTP/1.0" 200 4 "Denise" "Sellers"
ld4444 - - [17/Apr/2023:19:40:08 +0200] "GET Gibson HTTP/1.0" 200 4 "Linda" "Dominguez"
kw7476 - - [17/Apr/2023:19:42:03 +0200] "GET Solace HTTP/1.0" 200 4 "Kimberly" "Wheeler"
cg3235 - - [17/Apr/2023:19:43:33 +0200] "POST Solace HTTP/1.0" 200 2 "Connie" "Green"
sg1114 - - [17/Apr/2023:19:45:07 +0200] "GET Solace HTTP/1.0" 401 1 "Scott" "Gilmore"
md1419 - - [17/Apr/2023:19:47:02 +0200] "GET Gibson HTTP/1.0" 200 4 "Michelle" "Davis"
rm6365 - - [17/Apr/2023:19:51:48 +0200] "GET Solace HTTP/1.0" 200 3 "Ryan" "Morgan"
am4143 - - [17/Apr/2023:19:54:52 +0200] "GET Gibson HTTP/1.0" 200 1 "Amber" "Montgomery"
hf8489 - - [17/Apr/2023:19:58:04 +0200] "PUT Solace HTTP/1.0" 200 4 "Heather" "Fields"
cm3238 - - [17/Apr/2023:20:02:58 +0200] "GET Gibson HTTP/1.0" 200 2 "Christopher" "Martin"
jb5454 - - [17/Apr/2023:20:07:53 +0200] "GET Solace HTTP/1.0" 200 4 "Jose" "Blackburn"
jm4349 - - [17/Apr/2023:20:08:55 +0200] "GET Solace HTTP/1.0" 404 3 "James" "Moore"
kh8480 - - [17/Apr/2023:20:13:24 +0200] "GET Gibson HTTP/1.0" 200 4 "Karen" "Hernandez"
eh6268 - - [17/Apr/2023:20:15:28 +0200] "GET Gibson HTTP/1.0" 200 2 "Erin" "Hughes"
ms4346 - - [17/Apr/2023:20:16:22 +0200] "POST Solace HTTP/1.0" 200 3 "Michael" "Schmidt"
dm3431 - - [17/Apr/2023:20:20:59 +0200] "GET Gibson HTTP/1.0" 408 4 "Denise" "Martin"
tw7170 - - [17/Apr/2023:20:24:37 +0200] "GET Gibson HTTP/1.0" 200 1 "Tyler" "Walter"
jm3339 - - [17/Apr/2023:20:28:31 +0200] "POST Solace HTTP/1.0" 300 3 "Jill" "Mason"
hf8489 - - [17/Apr/2023:20:29:30 +0200] "PUT Solace HTTP/1.0" 200 4 "Heather" "Fields"
ns1211 - - [17/Apr/2023:20:33:25 +0200] "GET Solace HTTP/1.0" 200 2 "Noah" "Stewart"
mm9291 - - [17/Apr/2023:20:36:50 +0200] "GET Gibson HTTP/1.0" 408 2 "Martha" "Mcdaniel"
cl5456 - - [17/Apr/2023:20:39:01 +0200] "DELETE Gibson HTTP/1.0" 200 4 "Carla" "Lane"
ed1112 - - [17/Apr/2023:20:42:49 +0200] "DELETE Solace HTTP/1.0" 404 1 "Elizabeth" "Davis"
md1419 - - [17/Apr/2023:20:45:46 +0200] "PUT Solace HTTP/1.0" 200 4 "Michelle" "Davis"
ms4341 - - [17/Apr/2023:20:47:17 +0200] "PUT Solace HTTP/1.0" 200 3 "Michael" "Smith"
rm6365 - - [17/Apr/2023:20:50:41 +0200] "GET Gibson HTTP/1.0" 200 3 "Ryan" "Morgan"
am4143 - - [17/Apr/2023:20:54:02 +0200] "GET Gibson HTTP/1.0" 404 1 "Amber" "Montgomery"
tw7170 - - [17/Apr/2023:20:58:32 +0200] "GET Solace HTTP/1.0" 200 1 "Tyler" "Walter"
sw8282 - - [17/Apr/2023:20:59:52 +0200] "GET Solace HTTP/1.0" 200 2 "Steven" "Weaver"
ed1112 - - [17/Apr/2023:21:04:21 +0200] "GET Solace HTTP/1.0" 200 1 "Elizabeth" "Davis"
jm3339 - - [17/Apr/2023:21:06:28 +0200] "POST Solace HTTP/1.0" 200 3 "Jill" "Mason"
lc2424 - - [17/Apr/2023:21:07:30 +0200] "POST Solace HTTP/1.0" 200 4 "Lauren" "Carter"
db3239 - - [17/Apr/2023:21:11:46 +0200] "DELETE Solace HTTP/1.0" 200 2 "David" "Bonilla"
pf9494 - - [17/Apr/2023:21:12:49 +0200] "GET Gibson HTTP/1.0" 200 4 "Peter" "Franklin"
gc8182 - - [17/Apr/2023:21:15:20 +0200] "GET Solace HTTP/1.0" 200 1 "Gregory" "Cantrell"
mh8288 - - [17/Apr/2023:21:17:01 +0200] "GET Solace HTTP/1.0" 200 2 "Melissa" "Henry"
cg3235 - - [17/Apr/2023:21:17:54 +0200] "GET Gibson HTTP/1.0" 200 2 "Connie" "Green"
re2425 - - [17/Apr/2023:21:21:32 +0200] "PUT Solace HTTP/1.0" 200 4 "Rachel" "Espinoza"
cj9394 - - [17/Apr/2023:21:23:47 +0200] "GET Solace HTTP/1.0" 200 3 "Connor" "Jenkins"
mm9291 - - [17/Apr/2023:21:26:12 +0200] "GET Gibson HTTP/1.0" 200 2 "Martha" "Mcdaniel"
cg3436 - - [17/Apr/2023:21:27:25 +0200] "GET Gibson HTTP/1.0" 200 4 "Carlos" "Griffin"
cv6165 - - [17/Apr/2023:21:29:14 +0200] "GET Solace HTTP/1.0" 200 1 "Corey" "Vazquez"
sr6461 - - [17/Apr/2023:21:31:11 +0200] "GET Solace HTTP/1.0" 200 4 "Stacy" "Romero"
sd7276 - - [17/Apr/2023:21:32:22 +0200] "POST Solace HTTP/1.0" 200 2 "Steven" "Davis"
sg1114 - - [17/Apr/2023:21:33:32 +0200] "GET Gibson HTTP/1.0" 200 1 "Scott" "Gilmore"
jb2422 - - [17/Apr/2023:21:36:06 +0200] "PUT Solace HTTP/1.0" 200 4 "Johnny" "Bennett"
jb8183 - - [17/Apr/2023:21:39:12 +0200] "GET Gibson HTTP/1.0" 200 1 "John" "Buchanan"
dj5454 - - [17/Apr/2023:21:40:24 +0200] "GET Solace HTTP/1.0" 200 4 "David" "Jenkins"
sz4146 - - [17/Apr/2023:21:43:02 +0200] "GET Solace HTTP/1.0" 200 1 "Susan" "Zimmerman"
cb1310 - - [17/Apr/2023:21:45:02 +0200] "PUT Solace HTTP/1.0" 200 3 "Curtis" "Boyd"
hg4244 - - [17/Apr/2023:21:48:19 +0200] "PUT Solace HTTP/1.0" 401 2 "Hannah" "Garcia"
jm3339 - - [17/Apr/2023:21:53:04 +0200] "POST Solace HTTP/1.0" 408 3 "Jill" "Mason"
cg3436 - - [17/Apr/2023:21:57:08 +0200] "PUT Solace HTTP/1.0" 200 4 "Carlos" "Griffin"
ps7277 - - [17/Apr/2023:22:01:35 +0200] "PUT Solace HTTP/1.0" 200 2 "Patrick" "Smith"
ag3237 - - [17/Apr/2023:22:04:36 +0200] "GET Gibson HTTP/1.0" 200 2 "Anne" "Graham"
td5155 - - [17/Apr/2023:22:06:15 +0200] "POST Gibson HTTP/1.0" 200 1 "Tina" "Davis"
cg3235 - - [17/Apr/2023:22:07:55 +0200] "GET Solace HTTP/1.0" 200 2 "Connie" "Green"
rr5157 - - [17/Apr/2023:22:11:25 +0200] "PUT Solace HTTP/1.0" 200 1 "Ray" "Ross"
cg3436 - - [17/Apr/2023:22:13:13 +0200] "GET Solace HTTP/1.0" 200 4 "Carlos" "Griffin"
cj9394 - - [17/Apr/2023:22:17:46 +0200] "PUT Gibson HTTP/1.0" 200 3 "Connor" "Jenkins"
pn9497 - - [17/Apr/2023:22:18:44 +0200] "GET Solace HTTP/1.0" 200 4 "Peter" "Nelson"
lm5255 - - [17/Apr/2023:22:23:33 +0200] "GET Solace HTTP/1.0" 200 2 "Lisa" "Morris"
ag3237 - - [17/Apr/2023:22:27:17 +0200] "GET Solace HTTP/1.0" 408 2 "Anne" "Graham"
ah8386 - - [17/Apr/2023:22:27:56 +0200] "DELETE Gibson HTTP/1.0" 200 3 "Amy" "Hall"
ps7277 - - [17/Apr/2023:22:29:23 +0200] "GET Solace HTTP/1.0" 200 2 "Patrick" "Smith"
jt6462 - - [17/Apr/2023:22:29:56 +0200] "PUT Solace HTTP/1.0" 200 4 "Jacob" "Thornton"
kr4245 - - [17/Apr/2023:22:33:53 +0200] "PUT Solace HTTP/1.0" 200 2 "Katherine" "Ryan"
ms4341 - - [17/Apr/2023:22:38:34 +0200] "DELETE Solace HTTP/1.0" 200 3 "Michael" "Smith"
dm3431 - - [17/Apr/2023:22:43:34 +0200] "GET Gibson HTTP/1.0" 200 4 "Denise" "Martin"
bw4248 - - [17/Apr/2023:22:45:50 +0200] "GET Solace HTTP/1.0" 200 2 "Brandi" "Walsh"
ah8386 - - [17/Apr/2023:22:50:15 +0200] "GET Gibson HTTP/1.0" 200 3 "Amy" "Hall"
rm6365 - - [17/Apr/2023:22:55:03 +0200] "DELETE Solace HTTP/1.0" 200 3 "Ryan" "Morgan"
mm9291 - - [17/Apr/2023:22:56:34 +0200] "PUT Gibson HTTP/1.0" 200 2 "Martha" "Mcdaniel"
ab3337 - - [17/Apr/2023:23:00:37 +0200] "DELETE Solace HTTP/1.0" 200 3 "April" "Berry"
md1419 - - [17/Apr/2023:23:01:08 +0200] "PUT Gibson HTTP/1.0" 200 4 "Michelle" "Davis"
dm1119 - - [17/Apr/2023:23:04:11 +0200] "GET Gibson HTTP/1.0" 200 1 "Denise" "Martinez"
pf9494 - - [17/Apr/2023:23:04:41 +0200] "PUT Gibson HTTP/1.0" 200 4 "Peter" "Franklin"
ks8387 - - [17/Apr/2023:23:08:07 +0200] "DELETE Solace HTTP/1.0" 200 3 "Kristin" "Sanders"
sz4146 - - [17/Apr/2023:23:09:30 +0200] "POST Solace HTTP/1.0" 200 1 "Susan" "Zimmerman"
mo6463 - - [17/Apr/2023:23:11:17 +0200] "GET Solace HTTP/1.0" 200 4 "Maria" "Odonnell"
ms4341 - - [17/Apr/2023:23:14:30 +0200] "DELETE Solace HTTP/1.0" 200 3 "Michael" "Smith"
cg3235 - - [17/Apr/2023:23:18:14 +0200] "GET Solace HTTP/1.0" 200 2 "Connie" "Green"
sr6461 - - [17/Apr/2023:23:22:42 +0200] "POST Gibson HTTP/1.0" 200 4 "Stacy" "Romero"
cm2228 - - [17/Apr/2023:23:25:08 +0200] "PUT Solace HTTP/1.0" 401 2 "Cathy" "Mccall"
ps7277 - - [17/Apr/2023:23:27:30 +0200] "GET Gibson HTTP/1.0" 200 2 "Patrick" "Smith"
jt6462 - - [17/Apr/2023:23:31:55 +0200] "POST Solace HTTP/1.0" 200 4 "Jacob" "Thornton"
mm9291 - - [17/Apr/2023:23:36:15 +0200] "DELETE Gibson HTTP/1.0" 200 2 "Martha" "Mcdaniel"
al2225 - - [17/Apr/2023:23:40:31 +0200] "PUT Solace HTTP/1.0" 200 2 "Andrew" "Lewis"
mh8383 - - [17/Apr/2023:23:42:26 +0200] "GET Solace HTTP/1.0" 200 3 "Matthew" "Huber"
ng2129 - - [17/Apr/2023:23:45:41 +0200] "GET Solace HTTP/1.0" 200 1 "Nicholas" "Giles"
mh8383 - - [17/Apr/2023:23:47:52 +0200] "GET Solace HTTP/1.0" 200 3 "Matthew" "Huber"
rq8381 - - [17/Apr/2023:23:51:55 +0200] "PUT Gibson HTTP/1.0" 200 3 "Robert" "Quinn"
rr5157 - - [17/Apr/2023:23:56:16 +0200] "GET Gibson HTTP/1.0" 200 1 "Ray" "Ross"
jm3339 - - [18/Apr/2023:00:00:08 +0200] "GET Solace HTTP/1.0" 200 3 "Jill" "Mason"
dm1119 - - [18/Apr/2023:00:02:05 +0200] "GET Solace HTTP/1.0" 200 1 "Denise" "Martinez"
dh1215 - - [18/Apr/2023:00:02:43 +0200] "DELETE Gibson HTTP/1.0" 200 2 "David" "Hill"
sz4146 - - [18/Apr/2023:00:03:21 +0200] "PUT Solace HTTP/1.0" 200 1 "Susan" "Zimmerman"
sd7276 - - [18/Apr/2023:00:08:13 +0200] "GET Solace HTTP/1.0" 200 2 "Steven" "Davis"
mm9291 - - [18/Apr/2023:00:11:26 +0200] "GET Gibson HTTP/1.0" 401 2 "Martha" "Mcdaniel"
jt6462 - - [18/Apr/2023:00:15:29 +0200] "POST Gibson HTTP/1.0" 200 4 "Jacob" "Thornton"
dj5454 - - [18/Apr/2023:00:16:26 +0200] "GET Solace HTTP/1.0" 200 4 "David" "Jenkins"
cl5456 - - [18/Apr/2023:00:18:20 +0200] "GET Solace HTTP/1.0" 200 4 "Carla" "Lane"
sc4144 - - [18/Apr/2023:00:21:42 +0200] "GET Gibson HTTP/1.0" 200 1 "Sean" "Cohen"
cg3436 - - [18/Apr/2023:00:22:22 +0200] "PUT Solace HTTP/1.0" 200 4 "Carlos" "Griffin"
tw7170 - - [18/Apr/2023:00:27:16 +0200] "PUT Solace HTTP/1.0" 200 1 "Tyler" "Walter"
kr4245 - - [18/Apr/2023:00:30:25 +0200] "GET Solace HTTP/1.0" 200 2 "Katherine" "Ryan"
jh7178 - - [18/Apr/2023:00:34:23 +0200] "GET Solace HTTP/1.0" 200 1 "Jennifer" "Hamilton"
sv9198 - - [18/Apr/2023:00:39:12 +0200] "GET Solace HTTP/1.0" 404 1 "Stephen" "Villanueva"
kh1317 - - [18/Apr/2023:00:40:57 +0200] "GET Solace HTTP/1.0" 200 3 "Karen" "Henson"
ks8387 - - [18/Apr/2023:00:45:01 +0200] "DELETE Gibson HTTP/1.0" 200 3 "Kristin" "Sanders"
pn9497 - - [18/Apr/2023:00:45:31 +0200] "GET Gibson HTTP/1.0" 200 4 "Peter" "Nelson"
dm3431 - - [18/Apr/2023:00:49:20 +0200] "GET Solace HTTP/1.0" 200 4 "Denise" "Martin"
kh8480 - - [18/Apr/2023:00:53:32 +0200] "GET Gibson HTTP/1.0" 200 4 "Karen" "Hernandez"
dc2420 - - [18/Apr/2023:00:54:49 +0200] "GET Solace HTTP/1.0" 200 4 "Dylan" "Cruz"
bm1310 - - [18/Apr/2023:00:58:41 +0200] "PUT Gibson HTTP/1.0" 200 3 "Brian" "Mills"
rq8381 - - [18/Apr/2023:01:02:46 +0200] "GET Gibson HTTP/1.0" 200 3 "Robert" "Quinn"
ms4341 - - [18/Apr/2023:01:05:53 +0200] "PUT Gibson HTTP/1.0" 200 3 "Michael" "Smith"
jb5454 - - [18/Apr/2023:01:06:41 +0200] "GET Gibson HTTP/1.0" 200 4 "Jose" "Blackburn"
nf2229 - - [18/Apr/2023:01:10:08 +0200] "DELETE Gibson HTTP/1.0" 200 2 "Nicholas" "Fritz"
ah8386 - - [18/Apr/2023:01:12:04 +0200] "PUT Gibson HTTP/1.0" 200 3 "Amy" "Hall"
kf1112 - - [18/Apr/2023:01:12:40 +0200] "GET Solace HTTP/1.0" 200 1 "Kevin" "Frank"
vc6368 - - [18/Apr/2023:01:13:37 +0200] "DELETE Gibson HTTP/1.0" 200 3 "Vincent" "Conner"
vc6368 - - [18/Apr/2023:01:17:28 +0200] "GET Solace HTTP/1.0" 200 3 "Vincent" "Conner"
ch5356 - - [18/Apr/2023:01:21:54 +0200] "GET Gibson HTTP/1.0" 200 3 "Charles" "Ho"
cc8184 - - [18/Apr/2023:01:23:03 +0200] "GET Solace HTTP/1.0" 200 1 "Chad" "Chase"
sc4144 - - [18/Apr/2023:01:23:53 +0200] "GET Solace HTTP/1.0" 200 1 "Sean" "Cohen"
ak7478 - - [18/Apr/2023:01:27:13 +0200] "GET Gibson HTTP/1.0" 200 4 "Andrea" "Kemp"
jb2422 - - [18/Apr/2023:01:28:21 +0200] "GET Gibson HTTP/1.0" 200 4 "Johnny" "Bennett"
rf4146 - - [18/Apr/2023:01:32:52 +0200] "POST Solace HTTP/1.0" 200 1 "Rebecca" "Flores"
vc6368 - - [18/Apr/2023:01:35:42 +0200] "GET Solace HTTP/1.0" 200 3 "Vincent" "Conner"
sg1114 - - [18/Apr/2023:01:40:07 +0200] "GET Gibson HTTP/1.0" 200 1 "Scott" "Gilmore"
mw9396 - - [18/Apr/2023:01:44:54 +0200] "POST Gibson HTTP/1.0" 200 3 "Michael" "Woods"
ng2129 - - [18/Apr/2023:01:46:07 +0200] "POST Solace HTTP/1.0" 200 1 "Nicholas" "Giles"
ed1112 - - [18/Apr/2023:01:49:14 +0200] "POST Gibson HTTP/1.0" 200 1 "Elizabeth" "Davis"
ds5456 - - [18/Apr/2023:01:52:42 +0200] "GET Solace HTTP/1.0" 401 4 "Denise" "Sellers"
lm5255 - - [18/Apr/2023:01:56:36 +0200] "PUT Solace HTTP/1.0" 200 2 "Lisa" "Morris"
al2225 - - [18/Apr/2023:01:58:12 +0200] "GET Gibson HTTP/1.0" 200 2 "Andrew" "Lewis"
am4143 - - [18/Apr/2023:02:00:19 +0200] "GET Solace HTTP/1.0" 404 1 "Amber" "Montgomery"
ms4341 - - [18/Apr/2023:02:05:04 +0200] "GET Gibson HTTP/1.0" 401 3 "Michael" "Smith"
sr6461 - - [18/Apr/2023:02:07:36 +0200] "POST Gibson HTTP/1.0" 200 4 "Stacy" "Romero"
cc8184 - - [18/Apr/2023:02:10:54 +0200] "GET Gibson HTTP/1.0" 200 1 "Chad" "Chase"
kh8480 - - [18/Apr/2023:02:14:32 +0200] "POST Gibson HTTP/1.0" 401 4 "Karen" "Hernandez"
hg4244 - - [18/Apr/2023:02:16:05 +0200] "PUT Gibson HTTP/1.0" 200 2 "Hannah" "Garcia"
jz7279 - - [18/Apr/2023:02:19:10 +0200] "DELETE Solace HTTP/1.0" 200 2 "Jose" "Zimmerman"
br8486 - - [18/Apr/2023:02:22:00 +0200] "GET Gibson HTTP/1.0" 200 4 "Bridget" "Rasmussen"
hg4244 - - [18/Apr/2023:02:23:36 +0200] "GET Gibson HTTP/1.0" 200 2 "Hannah" "Garcia"
jt6462 - - [18/Apr/2023:02:25:04 +0200] "GET Solace HTTP/1.0" 200 4 "Jacob" "Thornton"
jl8483 - - [18/Apr/2023:02:28:28 +0200] "PUT Gibson HTTP/1.0" 200 4 "John" "Lawrence"
mm9291 - - [18/Apr/2023:02:32:28 +0200] "GET Solace HTTP/1.0" 200 2 "Martha" "Mcdaniel"
cj3236 - - [18/Apr/2023:02:35:03 +0200] "PUT Gibson HTTP/1.0" 200 2 "Cameron" "Johnston"
sg1114 - - [18/Apr/2023:02:37:22 +0200] "GET Solace HTTP/1.0" 200 1 "Scott" "Gilmore"
ab3337 - - [18/Apr/2023:02:41:08 +0200] "PUT Gibson HTTP/1.0" 200 3 "April" "Berry"
jl8483 - - [18/Apr/2023:02:46:07 +0200] "GET Solace HTTP/1.0" 200 4 "John" "Lawrence"
lc2424 - - [18/Apr/2023:02:48:25 +0200] "GET Solace HTTP/1.0" 200 4 "Lauren" "Carter"
rb4340 - - [18/Apr/2023:02:53:21 +0200] "GET Gibson HTTP/1.0" 200 3 "Regina" "Burch"
dm3431 - - [18/Apr/2023:02:57:19 +0200] "GET Gibson HTTP/1.0" 200 4 "Denise" "Martin"
ms4341 - - [18/Apr/2023:03:00:16 +0200] "GET Gibson HTTP/1.0" 200 3 "Michael" "Smith"
jc2427 - - [18/Apr/2023:03:04:33 +0200] "GET Gibson HTTP/1.0" 200 4 "Jonathan" "Campbell"
ar8285 - - [18/Apr/2023:03:06:53 +0200] "PUT Solace HTTP/1.0" 200 2 "Angela" "Robertson"
bm1310 - - [18/Apr/2023:03:08:15 +0200] "POST Gibson HTTP/1.0" 200 3 "Brian" "Mills"
ms4341 - - [18/Apr/2023:03:09:16 +0200] "GET Gibson HTTP/1.0" 200 3 "Michael" "Smith"
hg4244 - - [18/Apr/2023:03:12:25 +0200] "POST Gibson HTTP/1.0" 200 2 "Hannah" "Garcia"
cb1310 - - [18/Apr/2023:03:14:10 +0200] "GET Solace HTTP/1.0" 200 3 "Curtis" "Boyd"
lc8185 - - [18/Apr/2023:03:18:33 +0200] "GET Solace HTTP/1.0" 200 1 "Lori" "Chang"
sv9198 - - [18/Apr/2023:03:21:13 +0200] "GET Gibson HTTP/1.0" 200 1 "Stephen" "Villanueva"
md1419 - - [18/Apr/2023:03:22:16 +0200] "GET Solace HTTP/1.0" 300 4 "Michelle" "Davis"
ch2129 - - [18/Apr/2023:03:22:49 +0200] "DELETE Solace HTTP/1.0" 200 1 "Corey" "Hutchinson"
kr4245 - - [18/Apr/2023:03:26:45 +0200] "PUT Gibson HTTP/1.0" 200 2 "Katherine" "Ryan"
js8281 - - [18/Apr/2023:03:31:24 +0200] "DELETE Solace HTTP/1.0" 200 2 "Jonathan" "Strong"
pn9497 - - [18/Apr/2023:03:34:46 +0200] "DELETE Gibson HTTP/1.0" 200 4 "Peter" "Nelson"
mb6367 - - [18/Apr/2023:03:37:54 +0200] "POST Gibson HTTP/1.0" 200 3 "Michael" "Becker"
rb4340 - - [18/Apr/2023:03:39:33 +0200] "GET Solace HTTP/1.0" 200 3 "Regina" "Burch"
ms4346 - - [18/Apr/2023:03:42:25 +0200] "PUT Solace HTTP/1.0" 300 3 "Michael" "Schmidt"
ma8382 - - [18/Apr/2023:03:43:07 +0200] "GET Solace HTTP/1.0" 200 3 "Michael" "Austin"
js9398 - - [18/Apr/2023:03:47:11 +0200] "GET Gibson HTTP/1.0" 200 3 "Jason" "Smith"
rf4146 - - [18/Apr/2023:03:48:19 +0200] "POST Solace HTTP/1.0" 200 1 "Rebecca" "Flores"
ag3237 - - [18/Apr/2023:03:52:44 +0200] "PUT Gibson HTTP/1.0" 200 2 "Anne" "Graham"
ch5356 - - [18/Apr/2023:03:55:54 +0200] "GET Gibson HTTP/1.0" 200 3 "Charles" "Ho"
vc6368 - - [18/Apr/2023:03:59:14 +0200] "GET Gibson HTTP/1.0" 200 3 "Vincent" "Conner"
rb4340 - - [18/Apr/2023:04:01:50 +0200] "POST Solace HTTP/1.0" 300 3 "Regina" "Burch"
mh8383 - - [18/Apr/2023:04:05:11 +0200] "PUT Gibson HTTP/1.0" 200 3 "Matthew" "Huber"
jm4349 - - [18/Apr/2023:04:05:53 +0200] "PUT Gibson HTTP/1.0" 200 3 "James" "Moore"
ld4444 - - [18/Apr/2023:04:08:42 +0200] "DELETE Solace HTTP/1.0" 200 4 "Linda" "Dominguez"
bm1310 - - [18/Apr/2023:04:11:55 +0200] "GET Solace HTTP/1.0" 200 3 "Brian" "Mills"
ch5356 - - [18/Apr/2023:04:12:48 +0200] "GET Solace HTTP/1.0" 200 3 "Charles" "Ho"
vc6368 - - [18/Apr/2023:04:15:00 +0200] "GET Gibson HTTP/1.0" 200 3 "Vincent" "Conner"
ak7478 - - [18/Apr/2023:04:19:23 +0200] "GET Gibson HTTP/1.0" 200 4 "Andrea" "Kemp"
ld4444 - - [18/Apr/2023:04:21:30 +0200] "GET Gibson HTTP/1.0" 200 4 "Linda" "Dominguez"
cm2228 - - [18/Apr/2023:04:23:32 +0200] "PUT Gibson HTTP/1.0" 200 2 "Cathy" "Mccall"
sv9198 - - [18/Apr/2023:04:25:57 +0200] "PUT Gibson HTTP/1.0" 200 1 "Stephen" "Villanueva"
rm6365 - - [18/Apr/2023:04:27:35 +0200] "GET Solace HTTP/1.0" 200 3 "Ryan" "Morgan"
jm4349 - - [18/Apr/2023:04:29:54 +0200] "GET Solace HTTP/1.0" 200 3 "James" "Moore"
mm9291 - - [18/Apr/2023:04:34:30 +0200] "POST Gibson HTTP/1.0" 200 2 "Martha" "Mcdaniel"
rb4340 - - [18/Apr/2023:04:39:04 +0200] "GET Solace HTTP/1.0" 200 3 "Regina" "Burch"
mo6463 - - [18/Apr/2023:04:40:22 +0200] "PUT Gibson HTTP/1.0" 200 4 "Maria" "Odonnell"
cg3436 - - [18/Apr/2023:04:41:07 +0200] "DELETE Gibson HTTP/1.0" 200 4 "Carlos" "Griffin"
rb4340 - - [18/Apr/2023:04:45:37 +0200] "DELETE Gibson HTTP/1.0" 200 3 "Regina" "Burch"
jm3339 - - [18/Apr/2023:04:48:06 +0200] "GET Gibson HTTP/1.0" 300 3 "Jill" "Mason"
cv6165 - - [18/Apr/2023:04:49:06 +0200] "GET Gibson HTTP/1.0" 200 1 "Corey" "Vazquez"
gc8182 - - [18/Apr/2023:04:52:21 +0200] "PUT Gibson HTTP/1.0" 200 1 "Gregory" "Cantrell"
sr6461 - - [18/Apr/2023:04:53:11 +0200] "GET Gibson HTTP/1.0" 200 4 "Stacy" "Romero"
sr6461 - - [18/Apr/2023:04:54:27 +0200] "GET Solace HTTP/1.0" 200 4 "Stacy" "Romero"
ag3237 - - [18/Apr/2023:04:56:54 +0200] "GET Gibson HTTP/1.0" 200 2 "Anne" "Graham"
db3239 - - [18/Apr/2023:05:01:30 +0200] "GET Solace HTTP/1.0" 408 2 "David" "Bonilla"
ss4149 - - [18/Apr/2023:05:02:40 +0200] "PUT Solace HTTP/1.0" 200 1 "Stephen" "Steele"
dj5454 - - [18/Apr/2023:05:05:44 +0200] "GET Gibson HTTP/1.0" 200 4 "David" "Jenkins"
bw4248 - - [18/Apr/2023:05:10:00 +0200] "GET Gibson HTTP/1.0" 200 2 "Brandi" "Walsh"
db3239 - - [18/Apr/2023:05:13:41 +0200] "DELETE Gibson HTTP/1.0" 200 2 "David" "Bonilla"
jh7178 - - [18/Apr/2023:05:18:02 +0200] "PUT Gibson HTTP/1.0" 200 1 "Jennifer" "Hamilton"
dc2420 - - [18/Apr/2023:05:19:39 +0200] "DELETE Gibson HTTP/1.0" 200 4 "Dylan" "Cruz"
lc2424 - - [18/Apr/2023:05:22:03 +0200] "POST Gibson HTTP/1.0" 200 4 "Lauren" "Carter"
ah8386 - - [18/Apr/2023:05:24:47 +0200] "PUT Gibson HTTP/1.0" 200 3 "Amy" "Hall"
ch5356 - - [18/Apr/2023:05:25:34 +0200] "GET Gibson HTTP/1.0" 200 3 "Charles" "Ho"
ch5356 - - [18/Apr/2023:05:28:46 +0200] "DELETE Gibson HTTP/1.0" 200 3 "Charles" "Ho"
rq8381 - - [18/Apr/2023:05:30:23 +0200] "GET Gibson HTTP/1.0" 200 3 "Robert" "Quinn"
ms4341 - - [18/Apr/2023:05:33:46 +0200] "GET Solace HTTP/1.0" 200 3 "Michael" "Smith"
bw4248 - - [18/Apr/2023:05:36:43 +0200] "PUT Gibson HTTP/1.0" 200 2 "Brandi" "Walsh"
cc8184 - - [18/Apr/2023:05:38:32 +0200] "GET Solace HTTP/1.0" 200 1 "Chad" "Chase"
cl5456 - - [18/Apr/2023:05:42:53 +0200] "GET Gibson HTTP/1.0" 200 4 "Carla" "Lane"
dj5454 - - [18/Apr/2023:05:47:37 +0200] "GET Gibson HTTP/1.0" 200 4 "David" "Jenkins"
lm5255 - - [18/Apr/2023:05:49:14 +0200] "GET Solace HTTP/1.0" 200 2 "Lisa" "Morris"
bw4248 - - [18/Apr/2023:05:53:11 +0200] "GET Solace HTTP/1.0" 200 2 "Brandi" "Walsh"
ds5456 - - [18/Apr/2023:05:54:12 +0200] "GET Gibson HTTP/1.0" 200 4 "Denise" "Sellers"
jb8183 - - [18/Apr/2023:05:58:50 +0200] "GET Solace HTTP/1.0" 200 1 "John" "Buchanan"
cb1310 - - [18/Apr/2023:06:01:52 +0200] "GET Solace HTTP/1.0" 200 3 "Curtis" "Boyd"
pf9494 - - [18/Apr/2023:06:06:16 +0200] "GET Solace HTTP/1.0" 200 4 "Peter" "Franklin"
dm1119 - - [18/Apr/2023:06:09:20 +0200] "PUT Solace HTTP/1.0" 200 1 "Denise" "Martinez"
gc8182 - - [18/Apr/2023:06:10:26 +0200] "GET Solace HTTP/1.0" 200 1 "Gregory" "Cantrell"
jm4349 - - [18/Apr/2023:06:14:43 +0200] "GET Gibson HTTP/1.0" 200 3 "James" "Moore"
sc4144 - - [18/Apr/2023:06:19:08 +0200] "GET Solace HTTP/1.0" 200 1 "Sean" "Cohen"
ms2126 - - [18/Apr/2023:06:22:13 +0200] "PUT Gibson HTTP/1.0" 200 1 "Marissa" "Scott"
dm3431 - - [18/Apr/2023:06:24:39 +0200] "PUT Gibson HTTP/1.0" 200 4 "Denise" "Martin"
sc4144 - - [18/Apr/2023:06:27:37 +0200] "PUT Solace HTTP/1.0" 408 1 "Sean" "Cohen"
dm3431 - - [18/Apr/2023:06:29:38 +0200] "GET Solace HTTP/1.0" 200 4 "Denise" "Martin"
ds5456 - - [18/Apr/2023:06:32:56 +0200] "GET Gibson HTTP/1.0" 200 4 "Denise" "Sellers"
rb4340 - - [18/Apr/2023:06:35:18 +0200] "DELETE Gibson HTTP/1.0" 200 3 "Regina" "Burch"
cm2228 - - [18/Apr/2023:06:35:54 +0200] "GET Solace HTTP/1.0" 200 2 "Cathy" "Mccall"
dm1119 - - [18/Apr/2023:06:39:31 +0200] "PUT Gibson HTTP/1.0" 404 1 "Denise" "Martinez"
ag3237 - - [18/Apr/2023:06:43:48 +0200] "POST Gibson HTTP/1.0" 200 2 "Anne" "Graham"
ar8285 - - [18/Apr/2023:06:46:15 +0200] "GET Gibson HTTP/1.0" 200 2 "Angela" "Robertson"
ab3337 - - [18/Apr/2023:06:50:37 +0200] "GET Gibson HTTP/1.0" 200 3 "April" "Berry"
sg1114 - - [18/Apr/2023:06:54:15 +0200] "GET Solace HTTP/1.0" 200 1 "Scott" "Gilmore"
kf1112 - - [18/Apr/2023:06:58:59 +0200] "GET Solace HTTP/1.0" 200 1 "Kevin" "Frank"
ch2129 - - [18/Apr/2023:07:03:42 +0200] "GET Solace HTTP/1.0" 200 1 "Corey" "Hutchinson"
gc8182 - - [18/Apr/2023:07:07:36 +0200] "DELETE Solace HTTP/1.0" 408 1 "Gregory" "Cantrell"
ns1211 - - [18/Apr/2023:07:12:05 +0200] "GET Gibson HTTP/1.0" 200 2 "Noah" "Stewart"
jt6462 - - [18/Apr/2023:07:15:21 +0200] "DELETE Solace HTTP/1.0" 300 4 "Jacob" "Thornton"
jc2427 - - [18/Apr/2023:07:20:07 +0200] "DELETE Solace HTTP/1.0" 200 4 "Jonathan" "Campbell"
tm4445 - - [18/Apr/2023:07:22:49 +0200] "GET Gibson HTTP/1.0" 200 4 "Thomas" "Murphy"
jm4349 - - [18/Apr/2023:07:26:08 +0200] "GET Gibson HTTP/1.0" 200 3 "James" "Moore"
kl6365 - - [18/Apr/2023:07:29:40 +0200] "GET Solace HTTP/1.0" 200 3 "Kelly" "Lewis"
hf8489 - - [18/Apr/2023:07:34:20 +0200] "GET Gibson HTTP/1.0" 300 4 "Heather" "Fields"
kh1317 - - [18/Apr/2023:07:36:15 +0200] "PUT Solace HTTP/1.0" 200 3 "Karen" "Henson"
rf4146 - - [18/Apr/2023:07:39:20 +0200] "GET Gibson HTTP/1.0" 200 1 "Rebecca" "Flores"
cc8184 - - [18/Apr/2023:07:41:57 +0200] "POST Gibson HTTP/1.0" 200 1 "Chad" "Chase"
ss4149 - - [18/Apr/2023:07:43:58 +0200] "PUT Gibson HTTP/1.0" 404 1 "Stephen" "Steele"
dm1119 - - [18/Apr/2023:07:46:48 +0200] "GET Solace HTTP/1.0" 200 1 "Denise" "Martinez"
hf8489 - - [18/Apr/2023:07:50:09 +0200] "DELETE Gibson HTTP/1.0" 200 4 "Heather" "Fields"
cj3236 - - [18/Apr/2023:07:51:36 +0200] "GET Solace HTTP/1.0" 200 2 "Cameron" "Johnston"
am4143 - - [18/Apr/2023:07:52:52 +0200] "PUT Solace HTTP/1.0" 200 1 "Amber" "Montgomery"
kh1317 - - [18/Apr/2023:07:56:48 +0200] "POST Solace HTTP/1.0" 200 3 "Karen" "Henson"
ns1211 - - [18/Apr/2023:08:01:07 +0200] "POST Solace HTTP/1.0" 200 2 "Noah" "Stewart"
sv9198 - - [18/Apr/2023:08:04:16 +0200] "PUT Solace HTTP/1.0" 200 1 "Stephen" "Villanueva"
rf4146 - - [18/Apr/2023:08:05:33 +0200] "GET Solace HTTP/1.0" 200 1 "Rebecca" "Flores"
ak7478 - - [18/Apr/2023:08:07:15 +0200] "GET Gibson HTTP/1.0" 200 4 "Andrea" "Kemp"
ks8387 - - [18/Apr/2023:08:09:54 +0200] "GET Gibson HTTP/1.0" 200 3 "Kristin" "Sanders"
br8486 - - [18/Apr/2023:08:12:12 +0200] "GET Gibson HTTP/1.0" 200 4 "Bridget" "Rasmussen"
sr6461 - - [18/Apr/2023:08:13:50 +0200] "GET Solace HTTP/1.0" 200 4 "Stacy" "Romero"
lm5255 - - [18/Apr/2023:08:14:20 +0200] "GET Solace HTTP/1.0" 200 2 "Lisa" "Morris"
gc8182 - - [18/Apr/2023:08:15:30 +0200] "DELETE Solace HTTP/1.0" 200 1 "Gregory" "Cantrell"
jh7178 - - [18/Apr/2023:08:20:04 +0200] "GET Solace HTTP/1.0" 200 1 "Jennifer" "Hamilton"
jb2422 - - [18/Apr/2023:08:24:40 +0200] "GET Gibson HTTP/1.0" 200 4 "Johnny" "Bennett"
sg1114 - - [18/Apr/2023:08:27:24 +0200] "POST Gibson HTTP/1.0" 200 1 "Scott" "Gilmore"
sz4146 - - [18/Apr/2023:08:30:56 +0200] "GET Solace HTTP/1.0" 200 1 "Susan" "Zimmerman"
cj3236 - - [18/Apr/2023:08:33:40 +0200] "GET Solace HTTP/1.0" 404 2 "Cameron" "Johnston"
hg4244 - - [18/Apr/2023:08:38:39 +0200] "PUT Gibson HTTP/1.0" 200 2 "Hannah" "Garcia"
sw8282 - - [18/Apr/2023:08:42:36 +0200] "GET Solace HTTP/1.0" 200 2 "Steven" "Weaver"
cm2228 - - [18/Apr/2023:08:47:32 +0200] "GET Solace HTTP/1.0" 200 2 "Cathy" "Mccall"
ks8387 - - [18/Apr/2023:08:52:00 +0200] "GET Gibson HTTP/1.0" 200 3 "Kristin" "Sanders"
pn9497 - - [18/Apr/2023:08:55:20 +0200] "GET Gibson HTTP/1.0" 200 4 "Peter" "Nelson"
dc2420 - - [18/Apr/2023:09:00:10 +0200] "PUT Gibson HTTP/1.0" 200 4 "Dylan" "Cruz"
sc4144 - - [18/Apr/2023:09:03:12 +0200] "DELETE Solace HTTP/1.0" 200 1 "Sean" "Cohen"
jc2427 - - [18/Apr/2023:09:08:10 +0200] "DELETE Gibson HTTP/1.0" 408 4 "Jonathan" "Campbell"
sg1114 - - [18/Apr/2023:09:12:52 +0200] "GET Solace HTTP/1.0" 200 1 "Scott" "Gilmore"
kl6365 - - [18/Apr/2023:09:14:38 +0200] "DELETE Solace HTTP/1.0" 200 3 "Kelly" "Lewis"
dm1119 - - [18/Apr/2023:09:19:10 +0200] "POST Gibson HTTP/1.0" 200 1 "Denise" "Martinez"
cg3235 - - [18/Apr/2023:09:22:44 +0200] "DELETE Gibson HTTP/1.0" 200 2 "Connie" "Green"
rm6365 - - [18/Apr/2023:09:25:30 +0200] "GET Gibson HTTP/1.0" 200 3 "Ryan" "Morgan"
jl8483 - - [18/Apr/2023:09:27:19 +0200] "PUT Solace HTTP/1.0" 200 4 "John" "Lawrence"
rr5157 - - [18/Apr/2023:09:28:27 +0200] "PUT Gibson HTTP/1.0" 200 1 "Ray" "Ross"
gr4149 - - [18/Apr/2023:09:32:24 +0200] "GET Gibson HTTP/1.0" 200 1 "Gina" "Roy"
hf8489 - - [18/Apr/2023:09:36:24 +0200] "GET Solace HTTP/1.0" 200 4 "Heather" "Fields"
jb8183 - - [18/Apr/2023:09:36:55 +0200] "PUT Gibson HTTP/1.0" 200 1 "John" "Buchanan"
rb4340 - - [18/Apr/2023:09:41:17 +0200] "GET Gibson HTTP/1.0" 200 3 "Regina" "Burch"
sd7276 - - [18/Apr/2023:09:44:12 +0200] "DELETE Solace HTTP/1.0" 200 2 "Steven" "Davis"
lc8185 - - [18/Apr/2023:09:45:38 +0200] "POST Gibson HTTP/1.0" 200 1 "Lori" "Chang"
jz7279 - - [18/Apr/2023:09:49:12 +0200] "POST Gibson HTTP/1.0" 200 2 "Jose" "Zimmerman"
kr4245 - - [18/Apr/2023:09:52:34 +0200] "GET Gibson HTTP/1.0" 200 2 "Katherine" "Ryan"
sw6168 - - [18/Apr/2023:09:54:34 +0200] "PUT Solace HTTP/1.0" 200 1 "Stephen" "Woods"
mo6463 - - [18/Apr/2023:09:59:17 +0200] "GET Solace HTTP/1.0" 200 4 "Maria" "Odonnell"
br8486 - - [18/Apr/2023:10:02:16 +0200] "GET Solace HTTP/1.0" 200 4 "Bridget" "Rasmussen"
mh8383 - - [18/Apr/2023:10:04:37 +0200] "POST Solace HTTP/1.0" 200 3 "Matthew" "Huber"
kl6365 - - [18/Apr/2023:10:09:27 +0200] "PUT Gibson HTTP/1.0" 200 3 "Kelly" "Lewis"
kw7476 - - [18/Apr/2023:10:11:31 +0200] "GET Gibson HTTP/1.0" 200 4 "Kimberly" "Wheeler"
cg3235 - - [18/Apr/2023:10:14:29 +0200] "PUT Solace HTTP/1.0" 200 2 "Connie" "Green"
pf9494 - - [18/Apr/2023:10:16:11 +0200] "GET Gibson HTTP/1.0" 200 4 "Peter" "Franklin"
dc2420 - - [18/Apr/2023:10:17:31 +0200] "POST Gibson HTTP/1.0" 200 4 "Dylan" "Cruz"
sv9198 - - [18/Apr/2023:10:22:02 +0200] "DELETE Gibson HTTP/1.0" 200 1 "Stephen" "Villanueva"
jb5454 - - [18/Apr/2023:10:25:13 +0200] "POST Solace HTTP/1.0" 200 4 "Jose" "Blackburn"
mh8383 - - [18/Apr/2023:10:26:02 +0200] "POST Solace HTTP/1.0" 401 3 "Matthew" "Huber"
lm5255 - - [18/Apr/2023:10:28:52 +0200] "GET Solace HTTP/1.0" 200 2 "Lisa" "Morris"
rf4146 - - [18/Apr/2023:10:32:32 +0200] "POST Gibson HTTP/1.0" 200 1 "Rebecca" "Flores"
dh1215 - - [18/Apr/2023:10:37:27 +0200] "DELETE Solace HTTP/1.0" 404 2 "David" "Hill"
ak7478 - - [18/Apr/2023:10:41:53 +0200] "POST Gibson HTTP/1.0" 200 4 "Andrea" "Kemp"
cm3238 - - [18/Apr/2023:10:43:35 +0200] "GET Solace HTTP/1.0" 200 2 "Christopher" "Martin"
dm1119 - - [18/Apr/2023:10:44:12 +0200] "GET Gibson HTTP/1.0" 200 1 "Denise" "Martinez"
br8486 - - [18/Apr/2023:10:47:10 +0200] "DELETE Gibson HTTP/1.0" 408 4 "Bridget" "Rasmussen"
js8281 - - [18/Apr/2023:10:50:26 +0200] "GET Gibson HTTP/1.0" 200 2 "Jonathan" "Strong"
cm2228 - - [18/Apr/2023:10:51:14 +0200] "GET Gibson HTTP/1.0" 200 2 "Cathy" "Mccall"
cl5456 - - [18/Apr/2023:10:54:42 +0200] "POST Gibson HTTP/1.0" 200 4 "Carla" "Lane"
ns1211 - - [18/Apr/2023:10:59:04 +0200] "POST Gibson HTTP/1.0" 200 2 "Noah" "Stewart"
cm2228 - - [18/Apr/2023:11:02:21 +0200] "DELETE Gibson HTTP/1.0" 200 2 "Cathy" "Mccall"
ks8387 - - [18/Apr/2023:11:06:24 +0200] "PUT Solace HTTP/1.0" 200 3 "Kristin" "Sanders"
kh1317 - - [18/Apr/2023:11:10:03 +0200] "DELETE Solace HTTP/1.0" 200 3 "Karen" "Henson"
td5155 - - [18/Apr/2023:11:11:26 +0200] "PUT Gibson HTTP/1.0" 200 1 "Tina" "Davis"
lr7178 - - [18/Apr/2023:11:14:31 +0200] "GET Solace HTTP/1.0" 200 1 "Leslie" "Rice"
ms4341 - - [18/Apr/2023:11:15:31 +0200] "GET Gibson HTTP/1.0" 200 3 "Michael" "Smith"
jm4349 - - [18/Apr/2023:11:16:08 +0200] "PUT Gibson HTTP/1.0" 200 3 "James" "Moore"
ms2126 - - [18/Apr/2023:11:21:08 +0200] "PUT Gibson HTTP/1.0" 300 1 "Marissa" "Scott"
cg3235 - - [18/Apr/2023:11:24:10 +0200] "GET Gibson HTTP/1.0" 200 2 "Connie" "Green"
am4143 - - [18/Apr/2023:11:27:19 +0200] "GET Solace HTTP/1.0" 200 1 "Amber" "Montgomery"
ak7478 - - [18/Apr/2023:11:28:12 +0200] "GET Solace HTTP/1.0" 200 4 "Andrea" "Kemp"
kr4245 - - [18/Apr/2023:11:30:05 +0200] "PUT Gibson HTTP/1.0" 200 2 "Katherine" "Ryan"
dj5454 - - [18/Apr/2023:11:31:52 +0200] "GET Gibson HTTP/1.0" 404 4 "David" "Jenkins"
jl8483 - - [18/Apr/2023:11:33:44 +0200] "POST Gibson HTTP/1.0" 200 4 "John" "Lawrence"
js9398 - - [18/Apr/2023:11:34:54 +0200] "GET Solace HTTP/1.0" 200 3 "Jason" "Smith"
ms4346 - - [18/Apr/2023:11:36:25 +0200] "DELETE Gibson HTTP/1.0" 200 3 "Michael" "Schmidt"
jg9492 - - [18/Apr/2023:11:41:14 +0200] "GET Gibson HTTP/1.0" 200 4 "James" "Green"
ms2126 - - [18/Apr/2023:11:43:06 +0200] "PUT Solace HTTP/1.0" 200 1 "Marissa" "Scott"
ar8285 - - [18/Apr/2023:11:45:13 +0200] "PUT Gibson HTTP/1.0" 200 2 "Angela" "Robertson"
js9398 - - [18/Apr/2023:11:49:34 +0200] "GET Gibson HTTP/1.0" 200 3 "Jason" "Smith"
mo6463 - - [18/Apr/2023:11:50:40 +0200] "GET Gibson HTTP/1.0" 200 4 "Maria" "Odonnell"
dm1119 - - [18/Apr/2023:11:53:24 +0200] "DELETE Solace HTTP/1.0" 200 1 "Denise" "Martinez"
mw9396 - - [18/Apr/2023:11:56:54 +0200] "GET Solace HTTP/1.0" 200 3 "Michael" "Woods"
lm5255 - - [18/Apr/2023:12:00:09 +0200] "PUT Solace HTTP/1.0" 200 2 "Lisa" "Morris"
rm6365 - - [18/Apr/2023:12:02:44 +0200] "GET Gibson HTTP/1.0" 404 3 "Ryan" "Morgan"
jz7279 - - [18/Apr/2023:12:03:26 +0200] "GET Gibson HTTP/1.0" 200 2 "Jose" "Zimmerman"
pf9494 - - [18/Apr/2023:12:08:12 +0200] "PUT Gibson HTTP/1.0" 200 4 "Peter" "Franklin"
vc6368 - - [18/Apr/2023:12:09:51 +0200] "GET Solace HTTP/1.0" 200 3 "Vincent" "Conner"
lc8185 - - [18/Apr/2023:12:12:16 +0200] "POST Gibson HTTP/1.0" 200 1 "Lori" "Chang"
ng2129 - - [18/Apr/2023:12:13:52 +0200] "PUT Gibson HTTP/1.0" 200 1 "Nicholas" "Giles"
jb8183 - - [18/Apr/2023:12:18:36 +0200] "GET Solace HTTP/1.0" 200 1 "John" "Buchanan"
sv9198 - - [18/Apr/2023:12:23:27 +0200] "PUT Gibson HTTP/1.0" 200 1 "Stephen" "Villanueva"
rq8381 - - [18/Apr/2023:12:27:00 +0200] "GET Solace HTTP/1.0" 200 3 "Robert" "Quinn"
mh8383 - - [18/Apr/2023:12:29:01 +0200] "GET Gibson HTTP/1.0" 200 3 "Matthew" "Huber"
pn9497 - - [18/Apr/2023:12:29:50 +0200] "DELETE Solace HTTP/1.0" 200 4 "Peter" "Nelson"
md1419 - - [18/Apr/2023:12:34:25 +0200] "GET Gibson HTTP/1.0" 200 4 "Michelle" "Davis"
rf4146 - - [18/Apr/2023:12:36:38 +0200] "GET Gibson HTTP/1.0" 408 1 "Rebecca" "Flores"
ag3237 - - [18/Apr/2023:12:40:19 +0200] "POST Solace HTTP/1.0" 200 2 "Anne" "Graham"
ms4341 - - [18/Apr/2023:12:45:02 +0200] "GET Solace HTTP/1.0" 200 3 "Michael" "Smith"
dm3431 - - [18/Apr/2023:12:46:02 +0200] "GET Gibson HTTP/1.0" 408 4 "Denise" "Martin"
td5155 - - [18/Apr/2023:12:47:35 +0200] "GET Solace HTTP/1.0" 404 1 "Tina" "Davis"
ed1112 - - [18/Apr/2023:12:49:39 +0200] "GET Solace HTTP/1.0" 200 1 "Elizabeth" "Davis"
kf1112 - - [18/Apr/2023:12:52:07 +0200] "GET Solace HTTP/1.0" 200 1 "Kevin" "Frank"
bw4248 - - [18/Apr/2023:12:56:31 +0200] "PUT Gibson HTTP/1.0" 200 2 "Brandi" "Walsh"
ar8285 - - [18/Apr/2023:13:01:16 +0200] "GET Gibson HTTP/1.0" 200 2 "Angela" "Robertson"
db3239 - - [18/Apr/2023:13:03:56 +0200] "GET Solace HTTP/1.0" 200 2 "David" "Bonilla"
hf8489 - - [18/Apr/2023:13:06:56 +0200] "GET Gibson HTTP/1.0" 200 4 "Heather" "Fields"
ag3237 - - [18/Apr/2023:13:10:22 +0200] "GET Solace HTTP/1.0" 200 2 "Anne" "Graham"
sw6168 - - [18/Apr/2023:13:15:02 +0200] "DELETE Solace HTTP/1.0" 200 1 "Stephen" "Woods"
ab3337 - - [18/Apr/2023:13:19:58 +0200] "PUT Solace HTTP/1.0" 200 3 "April" "Berry"
sw8282 - - [18/Apr/2023:13:20:46 +0200] "PUT Gibson HTTP/1.0" 200 2 "Steven" "Weaver"
db3239 - - [18/Apr/2023:13:22:19 +0200] "POST Solace HTTP/1.0" 200 2 "David" "Bonilla"
sr6461 - - [18/Apr/2023:13:24:04 +0200] "POST Gibson HTTP/1.0" 200 4 "Stacy" "Romero"
sw8282 - - [18/Apr/2023:13:28:49 +0200] "PUT Solace HTTP/1.0" 200 2 "Steven" "Weaver"
re2425 - - [18/Apr/2023:13:29:37 +0200] "GET Solace HTTP/1.0" 200 4 "Rachel" "Espinoza"
hf8489 - - [18/Apr/2023:13:33:03 +0200] "GET Solace HTTP/1.0" 200 4 "Heather" "Fields"
ld4444 - - [18/Apr/2023:13:35:08 +0200] "GET Gibson HTTP/1.0" 200 4 "Linda" "Dominguez"
eh6268 - - [18/Apr/2023:13:36:55 +0200] "GET Solace HTTP/1.0" 404 2 "Erin" "Hughes"
ar8285 - - [18/Apr/2023:13:40:18 +0200] "GET Gibson HTTP/1.0" 200 2 "Angela" "Robertson"
rf4146 - - [18/Apr/2023:13:44:38 +0200] "GET Solace HTTP/1.0" 200 1 "Rebecca" "Flores"
dm1119 - - [18/Apr/2023:13:46:40 +0200] "GET Gibson HTTP/1.0" 200 1 "Denise" "Martinez"
pn9497 - - [18/Apr/2023:13:48:45 +0200] "POST Solace HTTP/1.0" 200 4 "Peter" "Nelson"
jm3339 - - [18/Apr/2023:13:50:22 +0200] "GET Solace HTTP/1.0" 200 3 "Jill" "Mason"
bm1310 - - [18/Apr/2023:13:55:01 +0200] "GET Solace HTTP/1.0" 200 3 "Brian" "Mills"
jb5454 - - [18/Apr/2023:13:57:30 +0200] "DELETE Solace HTTP/1.0" 200 4 "Jose" "Blackburn"
ld4444 - - [18/Apr/2023:14:01:03 +0200] "GET Solace HTTP/1.0" 200 4 "Linda" "Dominguez"
bw4248 - - [18/Apr/2023:14:03:15 +0200] "GET Gibson HTTP/1.0" 200 2 "Brandi" "Walsh"
ks8387 - - [18/Apr/2023:14:06:20 +0200] "GET Solace HTTP/1.0" 200 3 "Kristin" "Sanders"
hg4244 - - [18/Apr/2023:14:09:13 +0200] "DELETE Gibson HTTP/1.0" 200 2 "Hannah" "Garcia"
ld4444 - - [18/Apr/2023:14:10:31 +0200] "PUT Gibson HTTP/1.0" 200 4 "Linda" "Dominguez"
cj3236 - - [18/Apr/2023:14:14:05 +0200] "DELETE Gibson HTTP/1.0" 408 2 "Cameron" "Johnston"
df9399 - - [18/Apr/2023:14:15:35 +0200] "GET Solace HTTP/1.0" 200 3 "Danielle" "Freeman"
sc4144 - - [18/Apr/2023:14:18:44 +0200] "GET Gibson HTTP/1.0" 200 1 "Sean" "Cohen"
sv9198 - - [18/Apr/2023:14:19:18 +0200] "GET Solace HTTP/1.0" 200 1 "Stephen" "Villanueva"
br8486 - - [18/Apr/2023:14:20:11 +0200] "DELETE Solace HTTP/1.0" 200 4 "Bridget" "Rasmussen"
eh6268 - - [18/Apr/2023:14:22:02 +0200] "PUT Gibson HTTP/1.0" 200 2 "Erin" "Hughes"
dm3431 - - [18/Apr/2023:14:25:20 +0200] "GET Gibson HTTP/1.0" 200 4 "Denise" "Martin"
ds5456 - - [18/Apr/2023:14:27:14 +0200] "POST Solace HTTP/1.0" 200 4 "Denise" "Sellers"
dm1119 - - [18/Apr/2023:14:28:49 +0200] "GET Gibson HTTP/1.0" 200 1 "Denise" "Martinez"
jt6462 - - [18/Apr/2023:14:31:35 +0200] "GET Gibson HTTP/1.0" 200 4 "Jacob" "Thornton"
ms4341 - - [18/Apr/2023:14:35:23 +0200] "GET Solace HTTP/1.0" 200 3 "Michael" "Smith"
rf4146 - - [18/Apr/2023:14:37:41 +0200] "GET Gibson HTTP/1.0" 200 1 "Rebecca" "Flores"
db3239 - - [18/Apr/2023:14:42:35 +0200] "GET Gibson HTTP/1.0" 200 2 "David" "Bonilla"
eh6268 - - [18/Apr/2023:14:45:34 +0200] "GET Solace HTTP/1.0" 200 2 "Erin" "Hughes"
cj9394 - - [18/Apr/2023:14:48:39 +0200] "GET Gibson HTTP/1.0" 200 3 "Connor" "Jenkins"
mw9396 - - [18/Apr/2023:14:52:16 +0200] "GET Gibson HTTP/1.0" 200 3 "Michael" "Woods"
mm9291 - - [18/Apr/2023:14:52:55 +0200] "GET Solace HTTP/1.0" 200 2 "Martha" "Mcdaniel"
al2225 - - [18/Apr/2023:14:54:22 +0200] "GET Solace HTTP/1.0" 200 2 "Andrew" "Lewis"
cg3436 - - [18/Apr/2023:14:56:44 +0200] "GET Solace HTTP/1.0" 200 4 "Carlos" "Griffin"
kf1112 - - [18/Apr/2023:14:59:02 +0200] "DELETE Solace HTTP/1.0" 200 1 "Kevin" "Frank"
kh1317 - - [18/Apr/2023:15:03:28 +0200] "GET Solace HTTP/1.0" 200 3 "Karen" "Henson"
sv9198 - - [18/Apr/2023:15:05:25 +0200] "PUT Solace HTTP/1.0" 200 1 "Stephen" "Villanueva"
sd7276 - - [18/Apr/2023:15:09:48 +0200] "PUT Solace HTTP/1.0" 200 2 "Steven" "Davis"
ds5456 - - [18/Apr/2023:15:10:20 +0200] "GET Gibson HTTP/1.0" 200 4 "Denise" "Sellers"
hg4244 - - [18/Apr/2023:15:13:16 +0200] "GET Gibson HTTP/1.0" 200 2 "Hannah" "Garcia"
cm3238 - - [18/Apr/2023:15:13:53 +0200] "PUT Gibson HTTP/1.0" 200 2 "Christopher" "Martin"
db3239 - - [18/Apr/2023:15:16:00 +0200] "GET Gibson HTTP/1.0" 200 2 "David" "Bonilla"
ps7277 - - [18/Apr/2023:15:20:44 +0200] "GET Gibson HTTP/1.0" 200 2 "Patrick" "Smith"
pn9497 - - [18/Apr/2023:15:22:09 +0200] "GET Gibson HTTP/1.0" 401 4 "Peter" "Nelson"
ds5456 - - [18/Apr/2023:15:24:35 +0200] "GET Solace HTTP/1.0" 408 4 "Denise" "Sellers"
jl8483 - - [18/Apr/2023:15:25:22 +0200] "GET Solace HTTP/1.0" 200 4 "John" "Lawrence"
dm1119 - - [18/Apr/2023:15:28:06 +0200] "PUT Solace HTTP/1.0" 401 1 "Denise" "Martinez"
jm4349 - - [18/Apr/2023:15:32:23 +0200] "POST Solace HTTP/1.0" 200 3 "James" "Moore"
jm4349 - - [18/Apr/2023:15:33:22 +0200] "PUT Gibson HTTP/1.0" 200 3 "James" "Moore"
ks8387 - - [18/Apr/2023:15:36:03 +0200] "PUT Gibson HTTP/1.0" 200 3 "Kristin" "Sanders"
cb1310 - - [18/Apr/2023:15:37:37 +0200] "PUT Gibson HTTP/1.0" 200 3 "Curtis" "Boyd"
ab3337 - - [18/Apr/2023:15:40:25 +0200] "GET Solace HTTP/1.0" 200 3 "April" "Berry"
dm1119 - - [18/Apr/2023:15:43:32 +0200] "POST Gibson HTTP/1.0" 200 1 "Denise" "Martinez"
kw7476 - - [18/Apr/2023:15:48:09 +0200] "PUT Solace HTTP/1.0" 200 4 "Kimberly" "Wheeler"
ab3337 - - [18/Apr/2023:15:49:26 +0200] "GET Solace HTTP/1.0" 200 3 "April" "Berry"
db3239 - - [18/Apr/2023:15:53:17 +0200] "GET Solace HTTP/1.0" 200 2 "David" "Bonilla"
ak7478 - - [18/Apr/2023:15:57:00 +0200] "GET Solace HTTP/1.0" 200 4 "Andrea" "Kemp"
cb1310 - - [18/Apr/2023:16:01:37 +0200] "PUT Solace HTTP/1.0" 200 3 "Curtis" "Boyd"
lr7178 - - [18/Apr/2023:16:02:53 +0200] "POST Solace HTTP/1.0" 200 1 "Leslie" "Rice"
ss4149 - - [18/Apr/2023:16:06:40 +0200] "GET Solace HTTP/1.0" 200 1 "Stephen" "Steele"
db3239 - - [18/Apr/2023:16:10:03 +0200] "GET Gibson HTTP/1.0" 200 2 "David" "Bonilla"
jh7178 - - [18/Apr/2023:16:13:15 +0200] "GET Gibson HTTP/1.0" 200 1 "Jennifer" "Hamilton"
ch5356 - - [18/Apr/2023:16:17:43 +0200] "GET Solace HTTP/1.0" 408 3 "Charles" "Ho"
ng2129 - - [18/Apr/2023:16:21:46 +0200] "GET Solace HTTP/1.0" 200 1 "Nicholas" "Giles"
sv9198 - - [18/Apr/2023:16:24:11 +0200] "GET Gibson HTTP/1.0" 200 1 "Stephen" "Villanueva"
ar8285 - - [18/Apr/2023:16:25:01 +0200] "GET Gibson HTTP/1.0" 200 2 "Angela" "Robertson"
lm5255 - - [18/Apr/2023:16:29:34 +0200] "GET Gibson HTTP/1.0" 200 2 "Lisa" "Morris"
dm3431 - - [18/Apr/2023:16:30:25 +0200] "GET Gibson HTTP/1.0" 200 4 "Denise" "Martin"
td5155 - - [18/Apr/2023:16:31:41 +0200] "GET Solace HTTP/1.0" 401 1 "Tina" "Davis"
cm2228 - - [18/Apr/2023:16:32:16 +0200] "GET Gibson HTTP/1.0" 200 2 "Cathy" "Mccall"
kf1112 - - [18/Apr/2023:16:35:06 +0200] "POST Gibson HTTP/1.0" 200 1 "Kevin" "Frank"
ms4346 - - [18/Apr/2023:16:36:59 +0200] "DELETE Gibson HTTP/1.0" 200 3 "Michael" "Schmidt"
sw8282 - - [18/Apr/2023:16:38:46 +0200] "GET Gibson HTTP/1.0" 200 2 "Steven" "Weaver"
cl5456 - - [18/Apr/2023:16:41:25 +0200] "POST Solace HTTP/1.0" 200 4 "Carla" "Lane"
ks9395 - - [18/Apr/2023:16:44:00 +0200] "PUT Solace HTTP/1.0" 200 3 "Karen" "Schroeder"
mh8288 - - [18/Apr/2023:16:48:04 +0200] "GET Gibson HTTP/1.0" 200 2 "Melissa" "Henry"
km6266 - - [18/Apr/2023:16:52:48 +0200] "GET Solace HTTP/1.0" 300 2 "Kelly" "Mcgee"
ng2129 - - [18/Apr/2023:16:56:14 +0200] "GET Solace HTTP/1.0" 401 1 "Nicholas" "Giles"
cb1310 - - [18/Apr/2023:16:57:08 +0200] "GET Solace HTTP/1.0" 200 3 "Curtis" "Boyd"
cm2228 - - [18/Apr/2023:16:57:47 +0200] "PUT Solace HTTP/1.0" 200 2 "Cathy" "Mccall"
ag3237 - - [18/Apr/2023:17:00:53 +0200] "GET Gibson HTTP/1.0" 200 2 "Anne" "Graham"
jt6462 - - [18/Apr/2023:17:05:14 +0200] "PUT Gibson HTTP/1.0" 200 4 "Jacob" "Thornton"
mw9396 - - [18/Apr/2023:17:10:09 +0200] "GET Gibson HTTP/1.0" 200 3 "Michael" "Woods"
rf4146 - - [18/Apr/2023:17:13:01 +0200] "PUT Gibson HTTP/1.0" 200 1 "Rebecca" "Flores"
md1419 - - [18/Apr/2023:17:14:35 +0200] "GET Solace HTTP/1.0" 200 4 "Michelle" "Davis"
mo6463 - - [18/Apr/2023:17:18:35 +0200] "GET Solace HTTP/1.0" 300 4 "Maria" "Odonnell"
ch2129 - - [18/Apr/2023:17:22:34 +0200] "GET Gibson HTTP/1.0" 200 1 "Corey" "Hutchinson"
jh7178 - - [18/Apr/2023:17:24:02 +0200] "GET Gibson HTTP/1.0" 200 1 "Jennifer" "Hamilton"
rq8381 - - [18/Apr/2023:17:28:20 +0200] "GET Gibson HTTP/1.0" 200 3 "Robert" "Quinn"
jb8183 - - [18/Apr/2023:17:29:22 +0200] "POST Solace HTTP/1.0" 200 1 "John" "Buchanan"
dm3431 - - [18/Apr/2023:17:33:19 +0200] "POST Solace HTTP/1.0" 200 4 "Denise" "Martin"
ps7277 - - [18/Apr/2023:17:34:53 +0200] "GET Gibson HTTP/1.0" 200 2 "Patrick" "Smith"
gr4149 - - [18/Apr/2023:17:35:37 +0200] "GET Solace HTTP/1.0" 200 1 "Gina" "Roy"
cl5456 - - [18/Apr/2023:17:37:05 +0200] "GET Gibson HTTP/1.0" 200 4 "Carla" "Lane"
pf9494 - - [18/Apr/2023:17:39:57 +0200] "PUT Gibson HTTP/1.0" 404 4 "Peter" "Franklin"
ps7277 - - [18/Apr/2023:17:44:20 +0200] "GET Gibson HTTP/1.0" 200 2 "Patrick" "Smith"
ss4149 - - [18/Apr/2023:17:47:18 +0200] "GET Gibson HTTP/1.0" 200 1 "Stephen" "Steele"
jb5454 - - [18/Apr/2023:17:48:07 +0200] "POST Solace HTTP/1.0" 200 4 "Jose" "Blackburn"
dm3431 - - [18/Apr/2023:17:52:08 +0200] "GET Solace HTTP/1.0" 200 4 "Denise" "Martin"
lm5255 - - [18/Apr/2023:17:52:52 +0200] "GET Solace HTTP/1.0" 200 2 "Lisa" "Morris"
re2425 - - [18/Apr/2023:17:56:15 +0200] "GET Solace HTTP/1.0" 200 4 "Rachel" "Espinoza"
tf6464 - - [18/Apr/2023:17:59:46 +0200] "GET Gibson HTTP/1.0" 200 4 "Teresa" "Flores"
kl6365 - - [18/Apr/2023:18:00:20 +0200] "GET Solace HTTP/1.0" 200 3 "Kelly" "Lewis"
js9398 - - [18/Apr/2023:18:01:03 +0200] "GET Gibson HTTP/1.0" 404 3 "Jason" "Smith"
ds5456 - - [18/Apr/2023:18:05:19 +0200] "GET Solace HTTP/1.0" 200 4 "Denise" "Sellers"
sw8282 - - [18/Apr/2023:18:06:50 +0200] "GET Solace HTTP/1.0" 404 2 "Steven" "Weaver"
ng2129 - - [18/Apr/2023:18:11:39 +0200] "GET Gibson HTTP/1.0" 200 1 "Nicholas" "Giles"
db3239 - - [18/Apr/2023:18:12:59 +0200] "PUT Solace HTTP/1.0" 200 2 "David" "Bonilla"
tf6464 - - [18/Apr/2023:18:16:19 +0200] "GET Solace HTTP/1.0" 200 4 "Teresa" "Flores"
ds5456 - - [18/Apr/2023:18:19:05 +0200] "POST Gibson HTTP/1.0" 200 4 "Denise" "Sellers"
df9399 - - [18/Apr/2023:18:19:53 +0200] "POST Gibson HTTP/1.0" 200 3 "Danielle" "Freeman"
ns1211 - - [18/Apr/2023:18:20:48 +0200] "GET Gibson HTTP/1.0" 200 2 "Noah" "Stewart"
ks9395 - - [18/Apr/2023:18:21:59 +0200] "GET Gibson HTTP/1.0" 200 3 "Karen" "Schroeder"
sw6168 - - [18/Apr/2023:18:24:27 +0200] "GET Gibson HTTP/1.0" 200 1 "Stephen" "Woods"
ag3237 - - [18/Apr/2023:18:26:53 +0200] "GET Gibson HTTP/1.0" 200 2 "Anne" "Graham"
ar8285 - - [18/Apr/2023:18:29:29 +0200] "POST Solace HTTP/1.0" 200 2 "Angela" "Robertson"
ds5456 - - [18/Apr/2023:18:34:01 +0200] "PUT Gibson HTTP/1.0" 200 4 "Denise" "Sellers"
dm1119 - - [18/Apr/2023:18:35:56 +0200] "GET Gibson HTTP/1.0" 200 1 "Denise" "Martinez"
ag3237 - - [18/Apr/2023:18:36:28 +0200] "PUT Gibson HTTP/1.0" 200 2 "Anne" "Graham"
pn9497 - - [18/Apr/2023:18:40:16 +0200] "GET Gibson HTTP/1.0" 200 4 "Peter" "Nelson"
rm6365 - - [18/Apr/2023:18:42:49 +0200] "GET Gibson HTTP/1.0" 200 3 "Ryan" "Morgan"
sg1114 - - [18/Apr/2023:18:47:46 +0200] "GET Solace HTTP/1.0" 200 1 "Scott" "Gilmore"
jb5454 - - [18/Apr/2023:18:52:31 +0200] "GET Solace HTTP/1.0" 200 4 "Jose" "Blackburn"
sv9198 - - [18/Apr/2023:18:55:01 +0200] "GET Solace HTTP/1.0" 200 1 "Stephen" "Villanueva"
lm5255 - - [18/Apr/2023:18:55:40 +0200] "DELETE Solace HTTP/1.0" 200 2 "Lisa" "Morris"
sr6461 - - [18/Apr/2023:18:56:35 +0200] "PUT Gibson HTTP/1.0" 200 4 "Stacy" "Romero"
kw7476 - - [18/Apr/2023:18:58:15 +0200] "GET Solace HTTP/1.0" 200 4 "Kimberly" "Wheeler"
km6266 - - [18/Apr/2023:19:03:09 +0200] "DELETE Gibson HTTP/1.0" 200 2 "Kelly" "Mcgee"
hg4244 - - [18/Apr/2023:19:06:55 +0200] "PUT Gibson HTTP/1.0" 200 2 "Hannah" "Garcia"
cj9394 - - [18/Apr/2023:19:07:45 +0200] "PUT Solace HTTP/1.0" 200 3 "Connor" "Jenkins"
cj3236 - - [18/Apr/2023:19:09:30 +0200] "POST Gibson HTTP/1.0" 200 2 "Cameron" "Johnston"
sw8282 - - [18/Apr/2023:19:13:39 +0200] "POST Gibson HTTP/1.0" 200 2 "Steven" "Weaver"
jc2427 - - [18/Apr/2023:19:15:44 +0200] "GET Gibson HTTP/1.0" 200 4 "Jonathan" "Campbell"
tw7170 - - [18/Apr/2023:19:17:07 +0200] "DELETE Gibson HTTP/1.0" 300 1 "Tyler" "Walter"
ch2129 - - [18/Apr/2023:19:20:29 +0200] "GET Gibson HTTP/1.0" 404 1 "Corey" "Hutchinson"
cm2228 - - [18/Apr/2023:19:21:26 +0200] "GET Solace HTTP/1.0" 200 2 "Cathy" "Mccall"
dc2420 - - [18/Apr/2023:19:22:55 +0200] "GET Solace HTTP/1.0" 200 4 "Dylan" "Cruz"
cm3238 - - [18/Apr/2023:19:26:34 +0200] "GET Solace HTTP/1.0" 200 2 "Christopher" "Martin"
tw7170 - - [18/Apr/2023:19:30:45 +0200] "GET Solace HTTP/1.0" 200 1 "Tyler" "Walter"
lm5255 - - [18/Apr/2023:19:35:08 +0200] "GET Gibson HTTP/1.0" 200 2 "Lisa" "Morris"
bm1310 - - [18/Apr/2023:19:39:27 +0200] "POST Solace HTTP/1.0" 200 3 "Brian" "Mills"
sw8282 - - [18/Apr/2023:19:42:57 +0200] "GET Gibson HTTP/1.0" 200 2 "Steven" "Weaver"
pn9497 - - [18/Apr/2023:19:46:25 +0200] "PUT Solace HTTP/1.0" 200 4 "Peter" "Nelson"
ms4341 - - [18/Apr/2023:19:47:23 +0200] "GET Gibson HTTP/1.0" 200 3 "Michael" "Smith"
ks9395 - - [18/Apr/2023:19:48:02 +0200] "GET Solace HTTP/1.0" 200 3 "Karen" "Schroeder"
ar8285 - - [18/Apr/2023:19:48:36 +0200] "GET Gibson HTTP/1.0" 200 2 "Angela" "Robertson"
mb6367 - - [18/Apr/2023:19:49:42 +0200] "GET Gibson HTTP/1.0" 200 3 "Michael" "Becker"
bw4248 - - [18/Apr/2023:19:54:17 +0200] "GET Solace HTTP/1.0" 404 2 "Brandi" "Walsh"
cl5456 - - [18/Apr/2023:19:58:29 +0200] "GET Gibson HTTP/1.0" 200 4 "Carla" "Lane"
jl8483 - - [18/Apr/2023:20:00:22 +0200] "GET Gibson HTTP/1.0" 200 4 "John" "Lawrence"
cj3236 - - [18/Apr/2023:20:03:31 +0200] "PUT Gibson HTTP/1.0" 200 2 "Cameron" "Johnston"
eh6268 - - [18/Apr/2023:20:08:19 +0200] "GET Solace HTTP/1.0" 200 2 "Erin" "Hughes"
cj9394 - - [18/Apr/2023:20:09:22 +0200] "GET Solace HTTP/1.0" 408 3 "Connor" "Jenkins"
rr5157 - - [18/Apr/2023:20:13:20 +0200] "DELETE Solace HTTP/1.0" 200 1 "Ray" "Ross"
kl6365 - - [18/Apr/2023:20:17:36 +0200] "GET Solace HTTP/1.0" 200 3 "Kelly" "Lewis"
ms4341 - - [18/Apr/2023:20:21:17 +0200] "PUT Solace HTTP/1.0" 200 3 "Michael" "Smith"
kf1112 - - [18/Apr/2023:20:25:12 +0200] "GET Gibson HTTP/1.0" 200 1 "Kevin" "Frank"
rf4146 - - [18/Apr/2023:20:26:23 +0200] "GET Solace HTTP/1.0" 200 1 "Rebecca" "Flores"
sv9198 - - [18/Apr/2023:20:28:29 +0200] "DELETE Gibson HTTP/1.0" 200 1 "Stephen" "Villanueva"
rq8381 - - [18/Apr/2023:20:30:01 +0200] "GET Solace HTTP/1.0" 200 3 "Robert" "Quinn"
js9398 - - [18/Apr/2023:20:33:27 +0200] "GET Gibson HTTP/1.0" 200 3 "Jason" "Smith"
rm6365 - - [18/Apr/2023:20:36:28 +0200] "PUT Gibson HTTP/1.0" 300 3 "Ryan" "Morgan"
lm5255 - - [18/Apr/2023:20:38:16 +0200] "POST Solace HTTP/1.0" 200 2 "Lisa" "Morris"
mo6463 - - [18/Apr/2023:20:40:05 +0200] "GET Solace HTTP/1.0" 200 4 "Maria" "Odonnell"
ng2129 - - [18/Apr/2023:20:44:45 +0200] "GET Solace HTTP/1.0" 200 1 "Nicholas" "Giles"
re2425 - - [18/Apr/2023:20:45:54 +0200] "GET Solace HTTP/1.0" 200 4 "Rachel" "Espinoza"
rf4146 - - [18/Apr/2023:20:47:23 +0200] "GET Gibson HTTP/1.0" 200 1 "Rebecca" "Flores"
lc8185 - - [18/Apr/2023:20:48:41 +0200] "GET Solace HTTP/1.0" 200 1 "Lori" "Chang"
mb6367 - - [18/Apr/2023:20:52:25 +0200] "GET Solace HTTP/1.0" 200 3 "Michael" "Becker"
lm5255 - - [18/Apr/2023:20:55:04 +0200] "GET Gibson HTTP/1.0" 200 2 "Lisa" "Morris"
nf2229 - - [18/Apr/2023:20:57:07 +0200] "PUT Gibson HTTP/1.0" 200 2 "Nicholas" "Fritz"
gr4149 - - [18/Apr/2023:20:57:47 +0200] "POST Solace HTTP/1.0" 200 1 "Gina" "Roy"
jm3339 - - [18/Apr/2023:21:00:08 +0200] "POST Gibson HTTP/1.0" 200 3 "Jill" "Mason"
js8281 - - [18/Apr/2023:21:04:16 +0200] "GET Solace HTTP/1.0" 200 2 "Jonathan" "Strong"
cv6165 - - [18/Apr/2023:21:06:15 +0200] "PUT Gibson HTTP/1.0" 200 1 "Corey" "Vazquez"
jt6462 - - [18/Apr/2023:21:07:59 +0200] "GET Gibson HTTP/1.0" 200 4 "Jacob" "Thornton"
jg9492 - - [18/Apr/2023:21:11:07 +0200] "PUT Solace HTTP/1.0" 200 4 "James" "Green"
jl8483 - - [18/Apr/2023:21:14:46 +0200] "PUT Gibson HTTP/1.0" 300 4 "John" "Lawrence"
kr4245 - - [18/Apr/2023:21:15:45 +0200] "GET Solace HTTP/1.0" 200 2 "Katherine" "Ryan"
ss4149 - - [18/Apr/2023:21:18:30 +0200] "GET Solace HTTP/1.0" 200 1 "Stephen" "Steele"
ds5456 - - [18/Apr/2023:21:23:08 +0200] "GET Gibson HTTP/1.0" 200 4 "Denise" "Sellers"
lc2424 - - [18/Apr/2023:21:27:03 +0200] "PUT Solace HTTP/1.0" 200 4 "Lauren" "Carter"
ag3237 - - [18/Apr/2023:21:27:45 +0200] "GET Gibson HTTP/1.0" 200 2 "Anne" "Graham"
km6266 - - [18/Apr/2023:21:30:51 +0200] "PUT Solace HTTP/1.0" 200 2 "Kelly" "Mcgee"
ah8386 - - [18/Apr/2023:21:33:20 +0200] "DELETE Solace HTTP/1.0" 200 3 "Amy" "Hall"
gr4149 - - [18/Apr/2023:21:36:42 +0200] "GET Gibson HTTP/1.0" 200 1 "Gina" "Roy"
am4143 - - [18/Apr/2023:21:40:28 +0200] "GET Solace HTTP/1.0" 200 1 "Amber" "Montgomery"
jt6462 - - [18/Apr/2023:21:43:16 +0200] "GET Gibson HTTP/1.0" 200 4 "Jacob" "Thornton"
al2225 - - [18/Apr/2023:21:47:40 +0200] "POST Gibson HTTP/1.0" 200 2 "Andrew" "Lewis"
kl6365 - - [18/Apr/2023:21:48:29 +0200] "DELETE Solace HTTP/1.0" 200 3 "Kelly" "Lewis"
lm5255 - - [18/Apr/2023:21:51:27 +0200] "GET Solace HTTP/1.0" 300 2 "Lisa" "Morris"
kr4245 - - [18/Apr/2023:21:54:31 +0200] "GET Gibson HTTP/1.0" 200 2 "Katherine" "Ryan"
kf1112 - - [18/Apr/2023:21:59:06 +0200] "GET Gibson HTTP/1.0" 401 1 "Kevin" "Frank"
jl8483 - - [18/Apr/2023:21:59:38 +0200] "GET Gibson HTTP/1.0" 200 4 "John" "Lawrence"
sg1114 - - [18/Apr/2023:22:04:19 +0200] "GET Solace HTTP/1.0" 200 1 "Scott" "Gilmore"
db3239 - - [18/Apr/2023:22:06:48 +0200] "POST Gibson HTTP/1.0" 200 2 "David" "Bonilla"
bm1310 - - [18/Apr/2023:22:08:51 +0200] "GET Solace HTTP/1.0" 200 3 "Brian" "Mills"
ah8386 - - [18/Apr/2023:22:10:56 +0200] "GET Solace HTTP/1.0" 300 3 "Amy" "Hall"
ma8382 - - [18/Apr/2023:22:12:49 +0200] "PUT Solace HTTP/1.0" 200 3 "Michael" "Austin"
bm1310 - - [18/Apr/2023:22:14:03 +0200] "GET Solace HTTP/1.0" 200 3 "Brian" "Mills"
sc4144 - - [18/Apr/2023:22:14:33 +0200] "POST Solace HTTP/1.0" 200 1 "Sean" "Cohen"
ps7277 - - [18/Apr/2023:22:17:43 +0200] "GET Solace HTTP/1.0" 200 2 "Patrick" "Smith"
ng2129 - - [18/Apr/2023:22:20:21 +0200] "GET Gibson HTTP/1.0" 401 1 "Nicholas" "Giles"
hf8489 - - [18/Apr/2023:22:24:56 +0200] "GET Gibson HTTP/1.0" 200 4 "Heather" "Fields"
ch5356 - - [18/Apr/2023:22:26:52 +0200] "PUT Gibson HTTP/1.0" 200 3 "Charles" "Ho"
bw4248 - - [18/Apr/2023:22:30:24 +0200] "PUT Gibson HTTP/1.0" 200 2 "Brandi" "Walsh"
rb4340 - - [18/Apr/2023:22:31:12 +0200] "GET Solace HTTP/1.0" 200 3 "Regina" "Burch"
dm1119 - - [18/Apr/2023:22:35:39 +0200] "GET Gibson HTTP/1.0" 200 1 "Denise" "Martinez"
bw4248 - - [18/Apr/2023:22:38:23 +0200] "DELETE Solace HTTP/1.0" 200 2 "Brandi" "Walsh"
jb8183 - - [18/Apr/2023:22:42:50 +0200] "PUT Solace HTTP/1.0" 200 1 "John" "Buchanan"
tw7170 - - [18/Apr/2023:22:44:43 +0200] "DELETE Gibson HTTP/1.0" 200 1 "Tyler" "Walter"
pn9497 - - [18/Apr/2023:22:46:05 +0200] "PUT Solace HTTP/1.0" 200 4 "Peter" "Nelson"
cm3238 - - [18/Apr/2023:22:47:37 +0200] "GET Solace HTTP/1.0" 200 2 "Christopher" "Martin"
pf9494 - - [18/Apr/2023:22:51:29 +0200] "PUT Gibson HTTP/1.0" 200 4 "Peter" "Franklin"
ed1112 - - [18/Apr/2023:22:52:52 +0200] "GET Gibson HTTP/1.0" 200 1 "Elizabeth" "Davis"
ms4346 - - [18/Apr/2023:22:56:48 +0200] "GET Gibson HTTP/1.0" 200 3 "Michael" "Schmidt"
cm3238 - - [18/Apr/2023:23:00:53 +0200] "DELETE Gibson HTTP/1.0" 200 2 "Christopher" "Martin"
ks9395 - - [18/Apr/2023:23:01:35 +0200] "POST Gibson HTTP/1.0" 200 3 "Karen" "Schroeder"
jg9492 - - [18/Apr/2023:23:06:11 +0200] "DELETE Solace HTTP/1.0" 404 4 "James" "Green"
am4143 - - [18/Apr/2023:23:08:53 +0200] "POST Solace HTTP/1.0" 200 1 "Amber" "Montgomery"
am4143 - - [18/Apr/2023:23:12:42 +0200] "GET Solace HTTP/1.0" 200 1 "Amber" "Montgomery"
ab3337 - - [18/Apr/2023:23:15:16 +0200] "GET Gibson HTTP/1.0" 200 3 "April" "Berry"
lm5255 - - [18/Apr/2023:23:18:32 +0200] "GET Gibson HTTP/1.0" 200 2 "Lisa" "Morris"
jz7279 - - [18/Apr/2023:23:22:02 +0200] "GET Gibson HTTP/1.0" 200 2 "Jose" "Zimmerman"
br8486 - - [18/Apr/2023:23:26:06 +0200] "GET Gibson HTTP/1.0" 300 4 "Bridget" "Rasmussen"
ah8386 - - [18/Apr/2023:23:30:46 +0200] "GET Solace HTTP/1.0" 200 3 "Amy" "Hall"
ch2129 - - [18/Apr/2023:23:34:22 +0200] "GET Solace HTTP/1.0" 200 1 "Corey" "Hutchinson"
js9398 - - [18/Apr/2023:23:36:03 +0200] "PUT Gibson HTTP/1.0" 200 3 "Jason" "Smith"
cg3436 - - [18/Apr/2023:23:40:30 +0200] "GET Gibson HTTP/1.0" 200 4 "Carlos" "Griffin"
mh8383 - - [18/Apr/2023:23:42:05 +0200] "GET Solace HTTP/1.0" 200 3 "Matthew" "Huber"
dj5454 - - [18/Apr/2023:23:45:08 +0200] "GET Gibson HTTP/1.0" 200 4 "David" "Jenkins"
kf1112 - - [18/Apr/2023:23:49:34 +0200] "GET Solace HTTP/1.0" 200 1 "Kevin" "Frank"
bw4248 - - [18/Apr/2023:23:52:28 +0200] "PUT Gibson HTTP/1.0" 200 2 "Brandi" "Walsh"
hf8489 - - [18/Apr/2023:23:54:48 +0200] "DELETE Solace HTTP/1.0" 200 4 "Heather" "Fields"
jb8183 - - [18/Apr/2023:23:58:23 +0200] "GET Gibson HTTP/1.0" 200 1 "John" "Buchanan"
cm2228 - - [19/Apr/2023:00:02:59 +0200] "POST Gibson HTTP/1.0" 200 2 "Cathy" "Mccall"
hf8489 - - [19/Apr/2023:00:03:33 +0200] "GET Solace HTTP/1.0" 200 4 "Heather" "Fields"
rb4340 - - [19/Apr/2023:00:04:39 +0200] "PUT Solace HTTP/1.0" 408 3 "Regina" "Burch"
kh8480 - - [19/Apr/2023:00:08:37 +0200] "PUT Solace HTTP/1.0" 200 4 "Karen" "Hernandez"
lc2424 - - [19/Apr/2023:00:12:07 +0200] "GET Solace HTTP/1.0" 200 4 "Lauren" "Carter"
df9399 - - [19/Apr/2023:00:14:26 +0200] "GET Gibson HTTP/1.0" 200 3 "Danielle" "Freeman"
ah8386 - - [19/Apr/2023:00:15:19 +0200] "GET Solace HTTP/1.0" 200 3 "Amy" "Hall"
ak7478 - - [19/Apr/2023:00:19:16 +0200] "GET Solace HTTP/1.0" 200 4 "Andrea" "Kemp"
gc8182 - - [19/Apr/2023:00:23:55 +0200] "GET Solace HTTP/1.0" 200 1 "Gregory" "Cantrell"
dm3431 - - [19/Apr/2023:00:25:22 +0200] "DELETE Solace HTTP/1.0" 200 4 "Denise" "Martin"
bm1310 - - [19/Apr/2023:00:26:16 +0200] "GET Solace HTTP/1.0" 200 3 "Brian" "Mills"
cv6165 - - [19/Apr/2023:00:30:57 +0200] "GET Solace HTTP/1.0" 200 1 "Corey" "Vazquez"
df9399 - - [19/Apr/2023:00:34:24 +0200] "GET Solace HTTP/1.0" 300 3 "Danielle" "Freeman"
vc6368 - - [19/Apr/2023:00:37:26 +0200] "PUT Gibson HTTP/1.0" 200 3 "Vincent" "Conner"
sr6461 - - [19/Apr/2023:00:41:27 +0200] "GET Gibson HTTP/1.0" 200 4 "Stacy" "Romero"
re2425 - - [19/Apr/2023:00:44:39 +0200] "POST Solace HTTP/1.0" 200 4 "Rachel" "Espinoza"
js9398 - - [19/Apr/2023:00:47:26 +0200] "PUT Solace HTTP/1.0" 404 3 "Jason" "Smith"
al2225 - - [19/Apr/2023:00:50:23 +0200] "DELETE Gibson HTTP/1.0" 200 2 "Andrew" "Lewis"
jm4349 - - [19/Apr/2023:00:52:29 +0200] "GET Gibson HTTP/1.0" 200 3 "James" "Moore"
jg9492 - - [19/Apr/2023:00:57:29 +0200] "GET Gibson HTTP/1.0" 200 4 "James" "Green"
db3239 - - [19/Apr/2023:00:59:44 +0200] "GET Solace HTTP/1.0" 200 2 "David" "Bonilla"
sg1114 - - [19/Apr/2023:01:04:06 +0200] "GET Solace HTTP/1.0" 200 1 "Scott" "Gilmore"
tf6464 - - [19/Apr/2023:01:07:04 +0200] "GET Solace HTTP/1.0" 200 4 "Teresa" "Flores"
jb5454 - - [19/Apr/2023:01:09:40 +0200] "DELETE Gibson HTTP/1.0" 200 4 "Jose" "Blackburn"
jb5454 - - [19/Apr/2023:01:14:12 +0200] "DELETE Solace HTTP/1.0" 200 4 "Jose" "Blackburn"
ks9395 - - [19/Apr/2023:01:18:53 +0200] "DELETE Solace HTTP/1.0" 200 3 "Karen" "Schroeder"
ng2129 - - [19/Apr/2023:01:23:04 +0200] "GET Solace HTTP/1.0" 200 1 "Nicholas" "Giles"
ag3237 - - [19/Apr/2023:01:26:52 +0200] "POST Solace HTTP/1.0" 200 2 "Anne" "Graham"
hg4244 - - [19/Apr/2023:01:29:15 +0200] "PUT Solace HTTP/1.0" 200 2 "Hannah" "Garcia"
ds5456 - - [19/Apr/2023:01:29:54 +0200] "GET Gibson HTTP/1.0" 200 4 "Denise" "Sellers"
cv6165 - - [19/Apr/2023:01:34:43 +0200] "GET Gibson HTTP/1.0" 200 1 "Corey" "Vazquez"
sw8282 - - [19/Apr/2023:01:36:55 +0200] "PUT Solace HTTP/1.0" 200 2 "Steven" "Weaver"
pf9494 - - [19/Apr/2023:01:38:36 +0200] "GET Solace HTTP/1.0" 200 4 "Peter" "Franklin"
jm4349 - - [19/Apr/2023:01:39:48 +0200] "PUT Solace HTTP/1.0" 200 3 "James" "Moore"
re2425 - - [19/Apr/2023:01:44:47 +0200] "GET Solace HTTP/1.0" 200 4 "Rachel" "Espinoza"
dm3431 - - [19/Apr/2023:01:45:17 +0200] "GET Solace HTTP/1.0" 200 4 "Denise" "Martin"
ps7277 - - [19/Apr/2023:01:46:26 +0200] "GET Solace HTTP/1.0" 200 2 "Patrick" "Smith"
sz4146 - - [19/Apr/2023:01:48:12 +0200] "DELETE Gibson HTTP/1.0" 200 1 "Susan" "Zimmerman"
ns1211 - - [19/Apr/2023:01:49:22 +0200] "GET Gibson HTTP/1.0" 200 2 "Noah" "Stewart"
sc4144 - - [19/Apr/2023:01:54:05 +0200] "PUT Gibson HTTP/1.0" 200 1 "Sean" "Cohen"
ah8386 - - [19/Apr/2023:01:58:17 +0200] "GET Solace HTTP/1.0" 200 3 "Amy" "Hall"
df9399 - - [19/Apr/2023:02:03:13 +0200] "PUT Solace HTTP/1.0" 200 3 "Danielle" "Freeman"
am4143 - - [19/Apr/2023:02:07:13 +0200] "DELETE Gibson HTTP/1.0" 200 1 "Amber" "Montgomery"
jl8483 - - [19/Apr/2023:02:08:44 +0200] "GET Gibson HTTP/1.0" 200 4 "John" "Lawrence"
cm2228 - - [19/Apr/2023:02:11:19 +0200] "GET Gibson HTTP/1.0" 200 2 "Cathy" "Mccall"
bm1310 - - [19/Apr/2023:02:16:05 +0200] "DELETE Solace HTTP/1.0" 401 3 "Brian" "Mills"
pn9497 - - [19/Apr/2023:02:17:52 +0200] "PUT Gibson HTTP/1.0" 200 4 "Peter" "Nelson"
mw9396 - - [19/Apr/2023:02:19:04 +0200] "GET Gibson HTTP/1.0" 408 3 "Michael" "Woods"
ks9395 - - [19/Apr/2023:02:23:32 +0200] "DELETE Gibson HTTP/1.0" 200 3 "Karen" "Schroeder"
ks9395 - - [19/Apr/2023:02:24:29 +0200] "POST Solace HTTP/1.0" 200 3 "Karen" "Schroeder"
ks9395 - - [19/Apr/2023:02:27:00 +0200] "GET Solace HTTP/1.0" 200 3 "Karen" "Schroeder"
am4143 - - [19/Apr/2023:02:30:38 +0200] "PUT Solace HTTP/1.0" 200 1 "Amber" "Montgomery"
ma8382 - - [19/Apr/2023:02:32:31 +0200] "PUT Solace HTTP/1.0" 200 3 "Michael" "Austin"
ma8382 - - [19/Apr/2023:02:35:57 +0200] "POST Solace HTTP/1.0" 200 3 "Michael" "Austin"
sc4144 - - [19/Apr/2023:02:39:52 +0200] "DELETE Solace HTTP/1.0" 200 1 "Sean" "Cohen"
jh7178 - - [19/Apr/2023:02:42:00 +0200] "POST Gibson HTTP/1.0" 300 1 "Jennifer" "Hamilton"
nf2229 - - [19/Apr/2023:02:42:45 +0200] "PUT Gibson HTTP/1.0" 200 2 "Nicholas" "Fritz"
dh1215 - - [19/Apr/2023:02:47:15 +0200] "GET Solace HTTP/1.0" 404 2 "David" "Hill"
vc6368 - - [19/Apr/2023:02:48:07 +0200] "DELETE Solace HTTP/1.0" 200 3 "Vincent" "Conner"
lm5255 - - [19/Apr/2023:02:51:33 +0200] "POST Gibson HTTP/1.0" 200 2 "Lisa" "Morris"
ms2126 - - [19/Apr/2023:02:52:18 +0200] "GET Gibson HTTP/1.0" 200 1 "Marissa" "Scott"
re2425 - - [19/Apr/2023:02:53:19 +0200] "GET Gibson HTTP/1.0" 200 4 "Rachel" "Espinoza"
rf4146 - - [19/Apr/2023:02:57:25 +0200] "GET Gibson HTTP/1.0" 200 1 "Rebecca" "Flores"
cj3236 - - [19/Apr/2023:02:58:54 +0200] "GET Solace HTTP/1.0" 200 2 "Cameron" "Johnston"
rb4340 - - [19/Apr/2023:03:00:03 +0200] "GET Solace HTTP/1.0" 408 3 "Regina" "Burch"
cg3436 - - [19/Apr/2023:03:00:51 +0200] "GET Solace HTTP/1.0" 200 4 "Carlos" "Griffin"
ab3337 - - [19/Apr/2023:03:02:52 +0200] "GET Gibson HTTP/1.0" 200 3 "April" "Berry"
ag3237 - - [19/Apr/2023:03:05:54 +0200] "GET Solace HTTP/1.0" 200 2 "Anne" "Graham"
gr4149 - - [19/Apr/2023:03:07:50 +0200] "DELETE Gibson HTTP/1.0" 200 1 "Gina" "Roy"
jh7178 - - [19/Apr/2023:03:11:18 +0200] "GET Solace HTTP/1.0" 200 1 "Jennifer" "Hamilton"
ak7478 - - [19/Apr/2023:03:11:56 +0200] "GET Solace HTTP/1.0" 200 4 "Andrea" "Kemp"
hf8489 - - [19/Apr/2023:03:15:01 +0200] "DELETE Solace HTTP/1.0" 200 4 "Heather" "Fields"
db3239 - - [19/Apr/2023:03:19:02 +0200] "GET Gibson HTTP/1.0" 200 2 "David" "Bonilla"
ch2129 - - [19/Apr/2023:03:20:21 +0200] "GET Solace HTTP/1.0" 200 1 "Corey" "Hutchinson"
cg3235 - - [19/Apr/2023:03:20:58 +0200] "GET Gibson HTTP/1.0" 200 2 "Connie" "Green"
lr7178 - - [19/Apr/2023:03:23:18 +0200] "PUT Solace HTTP/1.0" 200 1 "Leslie" "Rice"
eh6268 - - [19/Apr/2023:03:26:00 +0200] "POST Gibson HTTP/1.0" 200 2 "Erin" "Hughes"
ps7277 - - [19/Apr/2023:03:27:12 +0200] "PUT Gibson HTTP/1.0" 200 2 "Patrick" "Smith"
lc2424 - - [19/Apr/2023:03:30:40 +0200] "GET Solace HTTP/1.0" 200 4 "Lauren" "Carter"
mm9291 - - [19/Apr/2023:03:32:02 +0200] "POST Solace HTTP/1.0" 200 2 "Martha" "Mcdaniel"
jh7178 - - [19/Apr/2023:03:33:36 +0200] "PUT Solace HTTP/1.0" 200 1 "Jennifer" "Hamilton"
rm6365 - - [19/Apr/2023:03:37:25 +0200] "GET Gibson HTTP/1.0" 200 3 "Ryan" "Morgan"
br8486 - - [19/Apr/2023:03:40:26 +0200] "POST Gibson HTTP/1.0" 200 4 "Bridget" "Rasmussen"
tm4445 - - [19/Apr/2023:03:43:19 +0200] "PUT Solace HTTP/1.0" 200 4 "Thomas" "Murphy"
cj3236 - - [19/Apr/2023:03:45:47 +0200] "DELETE Solace HTTP/1.0" 200 2 "Cameron" "Johnston"
jb8183 - - [19/Apr/2023:03:46:48 +0200] "PUT Gibson HTTP/1.0" 404 1 "John" "Buchanan"
sz4146 - - [19/Apr/2023:03:47:22 +0200] "GET Solace HTTP/1.0" 200 1 "Susan" "Zimmerman"
mb6367 - - [19/Apr/2023:03:50:27 +0200] "PUT Solace HTTP/1.0" 200 3 "Michael" "Becker"
mh8288 - - [19/Apr/2023:03:54:27 +0200] "DELETE Solace HTTP/1.0" 200 2 "Melissa" "Henry"
sw8282 - - [19/Apr/2023:03:56:51 +0200] "PUT Gibson HTTP/1.0" 200 2 "Steven" "Weaver"
sg1114 - - [19/Apr/2023:03:58:53 +0200] "GET Solace HTTP/1.0" 200 1 "Scott" "Gilmore"
kl6365 - - [19/Apr/2023:04:02:48 +0200] "POST Gibson HTTP/1.0" 200 3 "Kelly" "Lewis"
jm3339 - - [19/Apr/2023:04:03:35 +0200] "GET Gibson HTTP/1.0" 404 3 "Jill" "Mason"
tm4445 - - [19/Apr/2023:04:05:12 +0200] "GET Gibson HTTP/1.0" 200 4 "Thomas" "Murphy"
sd7276 - - [19/Apr/2023:04:07:14 +0200] "PUT Gibson HTTP/1.0" 200 2 "Steven" "Davis"
rb4340 - - [19/Apr/2023:04:08:47 +0200] "POST Solace HTTP/1.0" 200 3 "Regina" "Burch"
cj9394 - - [19/Apr/2023:04:11:29 +0200] "GET Gibson HTTP/1.0" 200 3 "Connor" "Jenkins"
ab3337 - - [19/Apr/2023:04:15:56 +0200] "GET Gibson HTTP/1.0" 200 3 "April" "Berry"
hf8489 - - [19/Apr/2023:04:18:09 +0200] "GET Gibson HTTP/1.0" 200 4 "Heather" "Fields"
mo6463 - - [19/Apr/2023:04:22:14 +0200] "GET Solace HTTP/1.0" 200 4 "Maria" "Odonnell"
eh6268 - - [19/Apr/2023:04:24:56 +0200] "GET Gibson HTTP/1.0" 200 2 "Erin" "Hughes"
km6266 - - [19/Apr/2023:04:29:07 +0200] "GET Gibson HTTP/1.0" 200 2 "Kelly" "Mcgee"
pn9497 - - [19/Apr/2023:04:32:30 +0200] "GET Solace HTTP/1.0" 200 4 "Peter" "Nelson"
gc8182 - - [19/Apr/2023:04:37:07 +0200] "GET Gibson HTTP/1.0" 200 1 "Gregory" "Cantrell"
dm1119 - - [19/Apr/2023:04:40:51 +0200] "PUT Solace HTTP/1.0" 200 1 "Denise" "Martinez"
km6266 - - [19/Apr/2023:04:43:34 +0200] "GET Gibson HTTP/1.0" 200 2 "Kelly" "Mcgee"
dc2420 - - [19/Apr/2023:04:45:02 +0200] "GET Gibson HTTP/1.0" 200 4 "Dylan" "Cruz"
rq8381 - - [19/Apr/2023:04:49:52 +0200] "POST Solace HTTP/1.0" 200 3 "Robert" "Quinn"
jh7178 - - [19/Apr/2023:04:52:02 +0200] "GET Gibson HTTP/1.0" 200 1 "Jennifer" "Hamilton"
ss4149 - - [19/Apr/2023:04:56:50 +0200] "PUT Gibson HTTP/1.0" 408 1 "Stephen" "Steele"
cg3436 - - [19/Apr/2023:04:57:34 +0200] "PUT Solace HTTP/1.0" 200 4 "Carlos" "Griffin"
jz7279 - - [19/Apr/2023:04:59:13 +0200] "PUT Gibson HTTP/1.0" 200 2 "Jose" "Zimmerman"
ps7277 - - [19/Apr/2023:05:03:03 +0200] "GET Gibson HTTP/1.0" 200 2 "Patrick" "Smith"
cb1310 - - [19/Apr/2023:05:06:03 +0200] "PUT Gibson HTTP/1.0" 200 3 "Curtis" "Boyd"
jb5454 - - [19/Apr/2023:05:09:58 +0200] "PUT Gibson HTTP/1.0" 200 4 "Jose" "Blackburn"
df9399 - - [19/Apr/2023:05:13:00 +0200] "DELETE Gibson HTTP/1.0" 200 3 "Danielle" "Freeman"
jt6462 - - [19/Apr/2023:05:16:23 +0200] "PUT Solace HTTP/1.0" 200 4 "Jacob" "Thornton"
ab3337 - - [19/Apr/2023:05:19:35 +0200] "DELETE Gibson HTTP/1.0" 200 3 "April" "Berry"
ms2126 - - [19/Apr/2023:05:20:19 +0200] "PUT Solace HTTP/1.0" 200 1 "Marissa" "Scott"
am4143 - - [19/Apr/2023:05:22:13 +0200] "PUT Solace HTTP/1.0" 200 1 "Amber" "Montgomery"
jb8183 - - [19/Apr/2023:05:26:45 +0200] "GET Gibson HTTP/1.0" 200 1 "John" "Buchanan"
ds5456 - - [19/Apr/2023:05:30:33 +0200] "GET Gibson HTTP/1.0" 200 4 "Denise" "Sellers"
mb6367 - - [19/Apr/2023:05:35:17 +0200] "DELETE Gibson HTTP/1.0" 404 3 "Michael" "Becker"
sw6168 - - [19/Apr/2023:05:37:39 +0200] "GET Solace HTTP/1.0" 200 1 "Stephen" "Woods"
jb2422 - - [19/Apr/2023:05:39:34 +0200] "POST Gibson HTTP/1.0" 200 4 "Johnny" "Bennett"
jh7178 - - [19/Apr/2023:05:41:52 +0200] "GET Solace HTTP/1.0" 200 1 "Jennifer" "Hamilton"
ch5356 - - [19/Apr/2023:05:45:30 +0200] "GET Gibson HTTP/1.0" 200 3 "Charles" "Ho"
nf2229 - - [19/Apr/2023:05:49:49 +0200] "GET Solace HTTP/1.0" 200 2 "Nicholas" "Fritz"
dm3431 - - [19/Apr/2023:05:51:40 +0200] "GET Gibson HTTP/1.0" 200 4 "Denise" "Martin"
ms4341 - - [19/Apr/2023:05:55:21 +0200] "GET Solace HTTP/1.0" 200 3 "Michael" "Smith"
br8486 - - [19/Apr/2023:05:57:27 +0200] "GET Gibson HTTP/1.0" 200 4 "Bridget" "Rasmussen"
ng2129 - - [19/Apr/2023:05:59:21 +0200] "GET Solace HTTP/1.0" 200 1 "Nicholas" "Giles"
re2425 - - [19/Apr/2023:06:00:13 +0200] "GET Gibson HTTP/1.0" 200 4 "Rachel" "Espinoza"
lm5255 - - [19/Apr/2023:06:04:12 +0200] "GET Solace HTTP/1.0" 200 2 "Lisa" "Morris"
cc8184 - - [19/Apr/2023:06:04:47 +0200] "PUT Solace HTTP/1.0" 404 1 "Chad" "Chase"
ms2126 - - [19/Apr/2023:06:09:16 +0200] "POST Gibson HTTP/1.0" 200 1 "Marissa" "Scott"
cg3235 - - [19/Apr/2023:06:13:03 +0200] "GET Gibson HTTP/1.0" 200 2 "Connie" "Green"
lc2424 - - [19/Apr/2023:06:16:33 +0200] "GET Solace HTTP/1.0" 200 4 "Lauren" "Carter"
ak7478 - - [19/Apr/2023:06:17:27 +0200] "GET Gibson HTTP/1.0" 200 4 "Andrea" "Kemp"
cb1310 - - [19/Apr/2023:06:19:05 +0200] "GET Solace HTTP/1.0" 200 3 "Curtis" "Boyd"
cg3235 - - [19/Apr/2023:06:20:05 +0200] "GET Solace HTTP/1.0" 200 2 "Connie" "Green"
md1419 - - [19/Apr/2023:06:24:54 +0200] "DELETE Gibson HTTP/1.0" 200 4 "Michelle" "Davis"
dm3431 - - [19/Apr/2023:06:27:36 +0200] "GET Solace HTTP/1.0" 200 4 "Denise" "Martin"
ms4341 - - [19/Apr/2023:06:31:40 +0200] "POST Solace HTTP/1.0" 200 3 "Michael" "Smith"
hg4244 - - [19/Apr/2023:06:33:01 +0200] "PUT Solace HTTP/1.0" 200 2 "Hannah" "Garcia"
ma8382 - - [19/Apr/2023:06:36:36 +0200] "GET Solace HTTP/1.0" 200 3 "Michael" "Austin"
am4143 - - [19/Apr/2023:06:40:55 +0200] "PUT Gibson HTTP/1.0" 200 1 "Amber" "Montgomery"
lc8185 - - [19/Apr/2023:06:45:27 +0200] "DELETE Solace HTTP/1.0" 200 1 "Lori" "Chang"
df9399 - - [19/Apr/2023:06:48:49 +0200] "GET Solace HTTP/1.0" 200 3 "Danielle" "Freeman"
vc6368 - - [19/Apr/2023:06:51:18 +0200] "GET Solace HTTP/1.0" 200 3 "Vincent" "Conner"
cj3236 - - [19/Apr/2023:06:54:20 +0200] "PUT Solace HTTP/1.0" 200 2 "Cameron" "Johnston"
ch2129 - - [19/Apr/2023:06:55:47 +0200] "PUT Gibson HTTP/1.0" 200 1 "Corey" "Hutchinson"
gc8182 - - [19/Apr/2023:07:00:37 +0200] "DELETE Solace HTTP/1.0" 200 1 "Gregory" "Cantrell"
dc2420 - - [19/Apr/2023:07:02:51 +0200] "GET Gibson HTTP/1.0" 200 4 "Dylan" "Cruz"
ch2129 - - [19/Apr/2023:07:06:36 +0200] "GET Solace HTTP/1.0" 200 1 "Corey" "Hutchinson"
ms4346 - - [19/Apr/2023:07:11:33 +0200] "POST Gibson HTTP/1.0" 200 3 "Michael" "Schmidt"
ed1112 - - [19/Apr/2023:07:16:03 +0200] "GET Solace HTTP/1.0" 404 1 "Elizabeth" "Davis"
cg3235 - - [19/Apr/2023:07:19:06 +0200] "GET Gibson HTTP/1.0" 200 2 "Connie" "Green"
cj3236 - - [19/Apr/2023:07:22:56 +0200] "GET Solace HTTP/1.0" 200 2 "Cameron" "Johnston"
cl5456 - - [19/Apr/2023:07:25:16 +0200] "GET Solace HTTP/1.0" 200 4 "Carla" "Lane"
gc8182 - - [19/Apr/2023:07:27:42 +0200] "GET Solace HTTP/1.0" 200 1 "Gregory" "Cantrell"
cl5456 - - [19/Apr/2023:07:30:25 +0200] "GET Gibson HTTP/1.0" 200 4 "Carla" "Lane"
ms4341 - - [19/Apr/2023:07:32:37 +0200] "GET Gibson HTTP/1.0" 200 3 "Michael" "Smith"
jz7279 - - [19/Apr/2023:07:33:43 +0200] "GET Gibson HTTP/1.0" 200 2 "Jose" "Zimmerman"
jz7279 - - [19/Apr/2023:07:36:52 +0200] "GET Solace HTTP/1.0" 200 2 "Jose" "Zimmerman"
td5155 - - [19/Apr/2023:07:37:40 +0200] "GET Solace HTTP/1.0" 200 1 "Tina" "Davis"
cj3236 - - [19/Apr/2023:07:41:17 +0200] "GET Gibson HTTP/1.0" 200 2 "Cameron" "Johnston"
re2425 - - [19/Apr/2023:07:43:17 +0200] "PUT Solace HTTP/1.0" 404 4 "Rachel" "Espinoza"
dj5454 - - [19/Apr/2023:07:43:52 +0200] "GET Solace HTTP/1.0" 401 4 "David" "Jenkins"
pn9497 - - [19/Apr/2023:07:47:44 +0200] "GET Gibson HTTP/1.0" 200 4 "Peter" "Nelson"
ms4341 - - [19/Apr/2023:07:49:29 +0200] "GET Solace HTTP/1.0" 200 3 "Michael" "Smith"
sw6168 - - [19/Apr/2023:07:52:29 +0200] "PUT Gibson HTTP/1.0" 200 1 "Stephen" "Woods"
rr5157 - - [19/Apr/2023:07:53:20 +0200] "GET Solace HTTP/1.0" 200 1 "Ray" "Ross"
kr4245 - - [19/Apr/2023:07:58:10 +0200] "GET Solace HTTP/1.0" 200 2 "Katherine" "Ryan"
ag3237 - - [19/Apr/2023:08:01:26 +0200] "GET Gibson HTTP/1.0" 200 2 "Anne" "Graham"
dm1119 - - [19/Apr/2023:08:03:38 +0200] "POST Gibson HTTP/1.0" 200 1 "Denise" "Martinez"
br8486 - - [19/Apr/2023:08:08:31 +0200] "GET Solace HTTP/1.0" 200 4 "Bridget" "Rasmussen"
lc8185 - - [19/Apr/2023:08:10:50 +0200] "GET Gibson HTTP/1.0" 200 1 "Lori" "Chang"
pn9497 - - [19/Apr/2023:08:12:19 +0200] "POST Gibson HTTP/1.0" 200 4 "Peter" "Nelson"
tw7170 - - [19/Apr/2023:08:14:49 +0200] "GET Solace HTTP/1.0" 300 1 "Tyler" "Walter"
dj5454 - - [19/Apr/2023:08:16:38 +0200] "PUT Solace HTTP/1.0" 200 4 "David" "Jenkins"
ag3237 - - [19/Apr/2023:08:20:29 +0200] "PUT Solace HTTP/1.0" 200 2 "Anne" "Graham"
jm4349 - - [19/Apr/2023:08:23:52 +0200] "GET Gibson HTTP/1.0" 200 3 "James" "Moore"
dc2420 - - [19/Apr/2023:08:27:48 +0200] "GET Solace HTTP/1.0" 200 4 "Dylan" "Cruz"
lr7178 - - [19/Apr/2023:08:31:43 +0200] "GET Solace HTTP/1.0" 200 1 "Leslie" "Rice"
mh8383 - - [19/Apr/2023:08:34:36 +0200] "GET Gibson HTTP/1.0" 200 3 "Matthew" "Huber"
mo6463 - - [19/Apr/2023:08:35:19 +0200] "GET Gibson HTTP/1.0" 200 4 "Maria" "Odonnell"
cc8184 - - [19/Apr/2023:08:36:27 +0200] "GET Solace HTTP/1.0" 200 1 "Chad" "Chase"
rm6365 - - [19/Apr/2023:08:41:12 +0200] "PUT Solace HTTP/1.0" 200 3 "Ryan" "Morgan"
cj3236 - - [19/Apr/2023:08:45:21 +0200] "PUT Solace HTTP/1.0" 200 2 "Cameron" "Johnston"
bw4248 - - [19/Apr/2023:08:46:44 +0200] "GET Solace HTTP/1.0" 200 2 "Brandi" "Walsh"
re2425 - - [19/Apr/2023:08:48:40 +0200] "GET Gibson HTTP/1.0" 200 4 "Rachel" "Espinoza"
al2225 - - [19/Apr/2023:08:53:00 +0200] "GET Gibson HTTP/1.0" 200 2 "Andrew" "Lewis"
ms2126 - - [19/Apr/2023:08:56:46 +0200] "GET Solace HTTP/1.0" 401 1 "Marissa" "Scott"
md1419 - - [19/Apr/2023:08:59:25 +0200] "GET Gibson HTTP/1.0" 200 4 "Michelle" "Davis"
jg9492 - - [19/Apr/2023:09:01:16 +0200] "GET Gibson HTTP/1.0" 200 4 "James" "Green"
tf6464 - - [19/Apr/2023:09:04:02 +0200] "GET Solace HTTP/1.0" 200 4 "Teresa" "Flores"
jm4349 - - [19/Apr/2023:09:08:23 +0200] "GET Gibson HTTP/1.0" 200 3 "James" "Moore"
kl6365 - - [19/Apr/2023:09:11:43 +0200] "PUT Solace HTTP/1.0" 200 3 "Kelly" "Lewis"
jz7279 - - [19/Apr/2023:09:15:02 +0200] "GET Solace HTTP/1.0" 200 2 "Jose" "Zimmerman"
ab3337 - - [19/Apr/2023:09:16:42 +0200] "GET Gibson HTTP/1.0" 200 3 "April" "Berry"
nf2229 - - [19/Apr/2023:09:20:44 +0200] "GET Solace HTTP/1.0" 200 2 "Nicholas" "Fritz"
cc8184 - - [19/Apr/2023:09:22:14 +0200] "GET Gibson HTTP/1.0" 200 1 "Chad" "Chase"
ld4444 - - [19/Apr/2023:09:23:54 +0200] "DELETE Solace HTTP/1.0" 200 4 "Linda" "Dominguez"
ks9395 - - [19/Apr/2023:09:25:01 +0200] "GET Gibson HTTP/1.0" 200 3 "Karen" "Schroeder"
jg9492 - - [19/Apr/2023:09:25:49 +0200] "GET Solace HTTP/1.0" 200 4 "James" "Green"
ch5356 - - [19/Apr/2023:09:26:31 +0200] "DELETE Gibson HTTP/1.0" 200 3 "Charles" "Ho"
jb2422 - - [19/Apr/2023:09:29:09 +0200] "GET Gibson HTTP/1.0" 200 4 "Johnny" "Bennett"
ld4444 - - [19/Apr/2023:09:31:39 +0200] "GET Solace HTTP/1.0" 200 4 "Linda" "Dominguez"
cv6165 - - [19/Apr/2023:09:34:11 +0200] "POST Solace HTTP/1.0" 200 1 "Corey" "Vazquez"
sd7276 - - [19/Apr/2023:09:35:38 +0200] "PUT Gibson HTTP/1.0" 200 2 "Steven" "Davis"
mh8383 - - [19/Apr/2023:09:36:47 +0200] "PUT Gibson HTTP/1.0" 200 3 "Matthew" "Huber"
kh8480 - - [19/Apr/2023:09:41:17 +0200] "GET Solace HTTP/1.0" 200 4 "Karen" "Hernandez"
jb8183 - - [19/Apr/2023:09:43:17 +0200] "GET Gibson HTTP/1.0" 200 1 "John" "Buchanan"
mh8383 - - [19/Apr/2023:09:46:13 +0200] "GET Solace HTTP/1.0" 200 3 "Matthew" "Huber"
md1419 - - [19/Apr/2023:09:49:54 +0200] "GET Gibson HTTP/1.0" 200 4 "Michelle" "Davis"
mh8288 - - [19/Apr/2023:09:53:46 +0200] "DELETE Gibson HTTP/1.0" 200 2 "Melissa" "Henry"
md1419 - - [19/Apr/2023:09:58:03 +0200] "PUT Gibson HTTP/1.0" 200 4 "Michelle" "Davis"
cm2228 - - [19/Apr/2023:10:01:48 +0200] "POST Solace HTTP/1.0" 200 2 "Cathy" "Mccall"
re2425 - - [19/Apr/2023:10:05:19 +0200] "GET Gibson HTTP/1.0" 200 4 "Rachel" "Espinoza"
ds5456 - - [19/Apr/2023:10:08:51 +0200] "GET Solace HTTP/1.0" 200 4 "Denise" "Sellers"
pf9494 - - [19/Apr/2023:10:11:56 +0200] "GET Solace HTTP/1.0" 200 4 "Peter" "Franklin"
lr7178 - - [19/Apr/2023:10:15:43 +0200] "GET Gibson HTTP/1.0" 200 1 "Leslie" "Rice"
ds5456 - - [19/Apr/2023:10:17:32 +0200] "GET Gibson HTTP/1.0" 200 4 "Denise" "Sellers"
ch2129 - - [19/Apr/2023:10:20:38 +0200] "GET Solace HTTP/1.0" 408 1 "Corey" "Hutchinson"
ps7277 - - [19/Apr/2023:10:21:41 +0200] "GET Gibson HTTP/1.0" 200 2 "Patrick" "Smith"
jg9492 - - [19/Apr/2023:10:23:04 +0200] "GET Gibson HTTP/1.0" 200 4 "James" "Green"
rm6365 - - [19/Apr/2023:10:25:38 +0200] "PUT Solace HTTP/1.0" 200 3 "Ryan" "Morgan"
ms4341 - - [19/Apr/2023:10:27:59 +0200] "DELETE Solace HTTP/1.0" 200 3 "Michael" "Smith"
sv9198 - - [19/Apr/2023:10:32:15 +0200] "GET Solace HTTP/1.0" 300 1 "Stephen" "Villanueva"
mo6463 - - [19/Apr/2023:10:33:31 +0200] "PUT Solace HTTP/1.0" 200 4 "Maria" "Odonnell"
tm4445 - - [19/Apr/2023:10:36:03 +0200] "GET Gibson HTTP/1.0" 200 4 "Thomas" "Murphy"
pn9497 - - [19/Apr/2023:10:37:42 +0200] "PUT Solace HTTP/1.0" 200 4 "Peter" "Nelson"
td5155 - - [19/Apr/2023:10:40:24 +0200] "GET Solace HTTP/1.0" 200 1 "Tina" "Davis"
lc8185 - - [19/Apr/2023:10:45:16 +0200] "POST Solace HTTP/1.0" 200 1 "Lori" "Chang"
ds5456 - - [19/Apr/2023:10:49:38 +0200] "GET Solace HTTP/1.0" 200 4 "Denise" "Sellers"
cm2228 - - [19/Apr/2023:10:51:50 +0200] "GET Gibson HTTP/1.0" 200 2 "Cathy" "Mccall"
bm1310 - - [19/Apr/2023:10:52:57 +0200] "GET Solace HTTP/1.0" 200 3 "Brian" "Mills"
kl6365 - - [19/Apr/2023:10:56:49 +0200] "PUT Gibson HTTP/1.0" 200 3 "Kelly" "Lewis"
ng2129 - - [19/Apr/2023:11:00:32 +0200] "POST Solace HTTP/1.0" 200 1 "Nicholas" "Giles"
jg9492 - - [19/Apr/2023:11:05:00 +0200] "DELETE Gibson HTTP/1.0" 200 4 "James" "Green"
tf6464 - - [19/Apr/2023:11:07:42 +0200] "GET Gibson HTTP/1.0" 200 4 "Teresa" "Flores"
kh8480 - - [19/Apr/2023:11:08:55 +0200] "GET Gibson HTTP/1.0" 200 4 "Karen" "Hernandez"
ds5456 - - [19/Apr/2023:11:10:34 +0200] "DELETE Gibson HTTP/1.0" 200 4 "Denise" "Sellers"
rr5157 - - [19/Apr/2023:11:13:03 +0200] "GET Solace HTTP/1.0" 200 1 "Ray" "Ross"
bm1310 - - [19/Apr/2023:11:13:39 +0200] "GET Gibson HTTP/1.0" 200 3 "Brian" "Mills"
rq8381 - - [19/Apr/2023:11:14:23 +0200] "GET Gibson HTTP/1.0" 200 3 "Robert" "Quinn"
js8281 - - [19/Apr/2023:11:18:04 +0200] "PUT Solace HTTP/1.0" 200 2 "Jonathan" "Strong"
dh1215 - - [19/Apr/2023:11:19:09 +0200] "GET Solace HTTP/1.0" 408 2 "David" "Hill"
tm4445 - - [19/Apr/2023:11:20:13 +0200] "GET Solace HTTP/1.0" 200 4 "Thomas" "Murphy"
td5155 - - [19/Apr/2023:11:23:10 +0200] "DELETE Gibson HTTP/1.0" 200 1 "Tina" "Davis"
ak7478 - - [19/Apr/2023:11:23:40 +0200] "GET Solace HTTP/1.0" 200 4 "Andrea" "Kemp"
kw7476 - - [19/Apr/2023:11:26:21 +0200] "GET Gibson HTTP/1.0" 200 4 "Kimberly" "Wheeler"
cl5456 - - [19/Apr/2023:11:31:20 +0200] "GET Gibson HTTP/1.0" 200 4 "Carla" "Lane"
ch2129 - - [19/Apr/2023:11:33:00 +0200] "GET Gibson HTTP/1.0" 200 1 "Corey" "Hutchinson"
df9399 - - [19/Apr/2023:11:37:23 +0200] "GET Solace HTTP/1.0" 200 3 "Danielle" "Freeman"
sd7276 - - [19/Apr/2023:11:40:03 +0200] "GET Gibson HTTP/1.0" 200 2 "Steven" "Davis"
ld4444 - - [19/Apr/2023:11:40:35 +0200] "GET Solace HTTP/1.0" 200 4 "Linda" "Dominguez"
dc2420 - - [19/Apr/2023:11:44:52 +0200] "PUT Solace HTTP/1.0" 200 4 "Dylan" "Cruz"
hg4244 - - [19/Apr/2023:11:47:47 +0200] "GET Solace HTTP/1.0" 200 2 "Hannah" "Garcia"
td5155 - - [19/Apr/2023:11:48:47 +0200] "POST Gibson HTTP/1.0" 200 1 "Tina" "Davis"
jb5454 - - [19/Apr/2023:11:50:06 +0200] "GET Gibson HTTP/1.0" 200 4 "Jose" "Blackburn"
dh1215 - - [19/Apr/2023:11:52:04 +0200] "GET Gibson HTTP/1.0" 200 2 "David" "Hill"
jb8183 - - [19/Apr/2023:11:55:11 +0200] "GET Solace HTTP/1.0" 200 1 "John" "Buchanan"
mw9396 - - [19/Apr/2023:11:58:05 +0200] "PUT Solace HTTP/1.0" 200 3 "Michael" "Woods"
hg4244 - - [19/Apr/2023:12:01:42 +0200] "GET Solace HTTP/1.0" 200 2 "Hannah" "Garcia"
ms2126 - - [19/Apr/2023:12:05:00 +0200] "GET Solace HTTP/1.0" 200 1 "Marissa" "Scott"
lc2424 - - [19/Apr/2023:12:06:59 +0200] "GET Gibson HTTP/1.0" 200 4 "Lauren" "Carter"
bm1310 - - [19/Apr/2023:12:10:13 +0200] "GET Solace HTTP/1.0" 404 3 "Brian" "Mills"
ma8382 - - [19/Apr/2023:12:13:30 +0200] "GET Gibson HTTP/1.0" 200 3 "Michael" "Austin"
dj5454 - - [19/Apr/2023:12:15:05 +0200] "PUT Gibson HTTP/1.0" 200 4 "David" "Jenkins"
ds5456 - - [19/Apr/2023:12:16:43 +0200] "POST Gibson HTTP/1.0" 200 4 "Denise" "Sellers"
rf4146 - - [19/Apr/2023:12:21:39 +0200] "PUT Solace HTTP/1.0" 408 1 "Rebecca" "Flores"
sc4144 - - [19/Apr/2023:12:25:16 +0200] "PUT Solace HTTP/1.0" 200 1 "Sean" "Cohen"
mb6367 - - [19/Apr/2023:12:27:07 +0200] "GET Solace HTTP/1.0" 200 3 "Michael" "Becker"
sz4146 - - [19/Apr/2023:12:28:33 +0200] "GET Solace HTTP/1.0" 200 1 "Susan" "Zimmerman"
hf8489 - - [19/Apr/2023:12:29:59 +0200] "PUT Solace HTTP/1.0" 200 4 "Heather" "Fields"
cb1310 - - [19/Apr/2023:12:31:46 +0200] "DELETE Gibson HTTP/1.0" 200 3 "Curtis" "Boyd"
cg3235 - - [19/Apr/2023:12:34:13 +0200] "GET Solace HTTP/1.0" 300 2 "Connie" "Green"
rq8381 - - [19/Apr/2023:12:35:26 +0200] "GET Solace HTTP/1.0" 200 3 "Robert" "Quinn"
tw7170 - - [19/Apr/2023:12:39:43 +0200] "GET Solace HTTP/1.0" 401 1 "Tyler" "Walter"
ks9395 - - [19/Apr/2023:12:40:28 +0200] "GET Solace HTTP/1.0" 200 3 "Karen" "Schroeder"
jb8183 - - [19/Apr/2023:12:43:55 +0200] "DELETE Gibson HTTP/1.0" 200 1 "John" "Buchanan"
ld4444 - - [19/Apr/2023:12:47:44 +0200] "PUT Solace HTTP/1.0" 200 4 "Linda" "Dominguez"
ah8386 - - [19/Apr/2023:12:50:34 +0200] "PUT Solace HTTP/1.0" 200 3 "Amy" "Hall"
tm4445 - - [19/Apr/2023:12:52:08 +0200] "GET Solace HTTP/1.0" 200 4 "Thomas" "Murphy"
ch5356 - - [19/Apr/2023:12:54:33 +0200] "GET Solace HTTP/1.0" 300 3 "Charles" "Ho"
gc8182 - - [19/Apr/2023:12:55:11 +0200] "GET Gibson HTTP/1.0" 200 1 "Gregory" "Cantrell"
db3239 - - [19/Apr/2023:12:58:48 +0200] "GET Gibson HTTP/1.0" 200 2 "David" "Bonilla"
db3239 - - [19/Apr/2023:13:00:56 +0200] "GET Solace HTTP/1.0" 200 2 "David" "Bonilla"
kl6365 - - [19/Apr/2023:13:03:53 +0200] "DELETE Solace HTTP/1.0" 200 3 "Kelly" "Lewis"
ar8285 - - [19/Apr/2023:13:07:28 +0200] "GET Gibson HTTP/1.0" 200 2 "Angela" "Robertson"
ds5456 - - [19/Apr/2023:13:09:06 +0200] "GET Gibson HTTP/1.0" 200 4 "Denise" "Sellers"
km6266 - - [19/Apr/2023:13:11:20 +0200] "POST Gibson HTTP/1.0" 200 2 "Kelly" "Mcgee"
